
predict: neutral
true: oilwear
更新4月17日，开了80公里，堵车，油耗14.9。

predict: neutral
true: appearance
白色——我最喜欢的颜色，

predict: neutral
true: operation
两边的按钮很好把控

predict: oilwear
true: power
整体做工比宝马要好，实际驾驶起来，低功率的3t机头足够用，与rx350比，显得更扎实，前40提速不如rx350，也不如523，后程还是可以，感觉优于523，不比rx350差。

predict: neutral
true: comfort
前排真皮座椅电动调节带腰部支撑调节

predict: power
true: comfort
座椅与腰部支撑是我需要吐槽的地方，座椅的舒适度感觉还不如我朋友开的日系车，具体车型就不透露了，免得你们说车黑了，腰部支撑也不是太给力，就我几次开长途来看效果不是特别明显，所以我也是在论坛看了一些帖子之后买了一套宝乘的磁疗腰靠，至于里面的托玛琳磁疗有没有效果，我是不知道，对于物理化学都是小学生水平的我来说，不好去评论。

predict: appearance
true: neutral
十几年来买过10几台车，所以期间拿几个做参照来比较，

predict: neutral
true: appearance
提车的时候SSSS店给做了个免费的封釉，效果基本看不出，过两天去整个镀晶看看咋样。

predict: decoration
true: power
发动机感觉很有力，噪音也比A6L的2.0T的要小，加装的车道辅助系统真好用，偏离车道，立即方向盘震动，8100值，今后估计开车很难打瞌睡了。

predict: appearance
true: operation
能做到这一点，我想是因为quattro四驱以及出色的底盘和悬挂。

predict: failure
true: oilwear
东四环到东二环，整天CBD里转，如果全在这个区域里转，行车电脑里记录的油耗基本在18升/百公里左右，而且我还算开车很柔的那种，估计20升往上的也大有人在了吧。

predict: decoration
true: neutral
三月份订的14款Q7运动版3.0T，加装了第三排座椅，八月底到货，目前使用正好一周。

predict: neutral
true: costperformance
虽然我觉得有些方面Q7可能还不够完美，但总体来说它还是一辆好开、好用的车。

predict: maintenance
true: neutral
这样的生活不是我想要的，但为了生存又不得不这样。古话说的好啊，金钱不是万能的，但没有金钱是万万不能的。

predict: power
true: comfort
全车四区温控自动空调是最实用的功能配置，只要设定温度这一项操作，就完全可以不用管了。

predict: neutral
true: comfort
[舒适]够好。

predict: power
true: neutral
在制冷的时候，对动力的影响不明显。

predict: maintenance
true: neutral
10辐20寸轮毂，轮胎尺寸275/45 R20。

predict: neutral
true: decoration
内饰——两个字，精细！！！

predict: maintenance
true: costperformance
今年元旦去店里看了新Q7，新车上市虽然优惠没那么大，但我认为15款Q7加了配置没还降价，里外里一算也就相当于是给了不少优惠。

predict: neutral
true: appearance
[最满意的地方] 大气豪迈。

predict: neutral
true: oilwear
那天的平均油耗10.8。

predict: neutral
true: other
大家伙，停车极不方便，三把才进去。。。

predict: neutral
true: decoration
我老婆在中控区域贴了点“钻石”，感觉掉档了

predict: power
true: appearance
我看了眼配置单，斯科巴蓝有点儿太浅了。

predict: neutral
true: comfort
舒适度方面也不想细说，因为这个东西太主观，就我个人而言，他基本能够满足我的所有需要！

predict: appearance
true: neutral
至今没搞懂这个是做什么用的？

predict: neutral
true: appearance
棕外黑内，用了2个月，跑了快4000KM，小小总结一下：1.

predict: decoration
true: comfort
越野的时候还会调节避震的软硬程度，从而获得更好的舒适性。

predict: oilwear
true: neutral
前后护板和脚踏，贴膜是4S谈价格时打包的，只能上好牌去装了。

predict: neutral
true: appearance
原来是深蓝色，这还可以接受，于是就这么定下了。

predict: neutral
true: decoration
Q7的内饰由大量的真皮、镀铬装饰和实木装饰组成，在体现豪华的同时还营造了一种富有科技感的氛围。

predict: neutral
true: comfort
天冷的时候升温速度很快；最近天热的时候，我试了试制冷效果，同样也很快。

predict: neutral
true: decoration
中控部分的科技感如果以100分为满分的话，我只能给它打85，真心说不上太豪华，方向盘与仪表盘的设计也不是非常出彩，不过一切都还在我的接受范围之内。

predict: neutral
true: costperformance
去年年底赶上15款Q7上市，价格合适，配置还增加了，我就又把换车提上日程了。

predict: costperformance
true: neutral
就算是真碰上了，也不怕，毕竟金属比塑料结实得多。

predict: failure
true: power
V6T代表着这辆Q7用的是V型6缸涡轮增压发动机，3.0排量，245kW功率和440Nm扭矩，百公里加速时间6.9s。

predict: maintenance
true: operation
开它的时候，一点没有笨重的感觉，反倒有一些小型车的那种灵活的感觉。

predict: failure
true: appearance
（黑外、棕内）喜欢它阳刚雄劲、舒展大气的外貌。还喜欢它圆润性感的丰臀

predict: neutral
true: operation
中控这一块就复杂些了，不过比起日系，还是简单明了，稍加揣摩就知道用了

predict: oilwear
true: costperformance
而15款典藏版不但标配这些东西，价钱还比14款运动型低了17万多，所以我觉得特别值。

predict: oilwear
true: power
动力充沛，高速上基本可以达到想超车就超车的境界。

predict: appearance
true: operation
对于我的每一个转向操作，它都能非常快的执行，虽然做不到毫无拖沓，但那微乎其微的延迟可以忽略不计。

predict: costperformance
true: decoration
也是十分主观的东西，有的人说它高大上，也有的人吐槽塑料感的问题，实际上我觉得中和一下评论吧，完全是可以接受的，无非是觉得这个价格的车还可以做的更好，这也给奥迪厂家提个醒，毕竟客户的感受是最重要的，以后再内饰方面还有很大的空间需要提升，我个人还是比较满意的。

predict: neutral
true: space
后排中间座椅太小，地板上还有个大鼓包，除了孩子，中间基本别坐人了。

predict: failure
true: neutral
关于动力，有人喜欢用发动机排量来衡量，有人喜欢用发动机参数来衡量，还有人喜欢用0-100加速时间来衡量。

predict: appearance
true: neutral
7月5日，那天又跑了近290公里，200公里高速，堵车一个小时，九十里国道和市区。

predict: appearance
true: neutral
[保养费用]暂时么有发现骚基友。

predict: decoration
true: neutral
其实最早是因为邻居有一辆10款4.2的Q7，他那车我也借着开出去过，觉得还不错，挺适合我。

predict: neutral
true: costperformance
但总体感觉还是很不错的车车。

predict: neutral
true: operation
而一旦速度上来以后，方向盘明显变沉重，完全没有轻飘飘的感觉。

predict: neutral
true: space
9、后备箱下面的备胎空间超级浪费，可以放很多杂物。

predict: neutral
true: appearance
全LED尾灯

predict: appearance
true: costperformance
毫无疑问这车是值得这个价的，优惠力度大不说，还送了不少东西，我这边四儿子是送了一大堆杂七杂八的，包括贴膜、美容卡、一套宝乘的丝圈脚垫，还有很多小件，如车载吸尘器这样！

predict: neutral
true: costperformance
[综合性价比]算可以了。比起新的奔驰一百多万裸车。

predict: maintenance
true: neutral
买车没有什么过大的纠结。

predict: neutral
true: comfort
静音程度达到平均水平，与宝马，雷车，我自己觉得没什么差异。

predict: decoration
true: power
带T的加速就是不一样，可惜在市里跑，仅最快加速到100就赶紧丢油门了。

predict: neutral
true: appearance
菱形的眼睛，很犀利

predict: neutral
true: costperformance
进店再次看了看新车，基本就定下了，打算买典藏版，因为它比较值，

predict: maintenance
true: space
空间大——我个不算高，但就喜欢大空间的东西，

predict: neutral
true: decoration
踏板好小气

predict: neutral
true: comfort
换句话说，就是在任何情况下都能得到稳定、安全、舒适的体验。

predict: maintenance
true: decoration
中控很简单，也很实用

predict: maintenance
true: operation
[操控]可以接受，毕竟这么大的车。

predict: neutral
true: costperformance
外观大气我就无需多说了，奥迪的工艺设计堪称黄金比例，长宽高看起来都很合适，车身线条也无可挑剔，价格在那里，品质跟不上就说不过去了！

predict: neutral
true: space
车身宽大，前排可以为所欲为地找到最舒服的空间。

predict: neutral
true: oilwear
6月6日，那两天跑了350公里，高速为主，但在高速上严重堵车，3个小时的路程开了7个半小时，显示的油耗为11.5。

predict: neutral
true: appearance
转向灯从大灯中独立出来，在大灯的正下方，这样更明显，更有利于前车判断我的意图。

predict: neutral
true: operation
Q7在低速行驶的时候，方向盘非常轻，夸张地说，用一根手指就能操作它。

predict: neutral
true: decoration
内饰非常德国，上来不用看就知道，各功能键、钮、仪表，都是大众脸。

predict: neutral
true: operation
这么高档的车为啥不配电子驻车或者手刹也行呀，非要把两手两脚都要占上。

predict: neutral
true: costperformance
车子整个都很满意，但有些地方也有一些瑕疵！！！

predict: neutral
true: appearance
[外观]很满意。

predict: power
true: comfort
驾驶侧座椅记忆

predict: decoration
true: oilwear
省油——13.7，市外的更是到了11.8

predict: power
true: neutral
功能配置是我的Q7非常值得说的一面，因为它的功能配置已经非常丰富了。

predict: appearance
true: neutral
以上个人见解，给要买的人做个参考。

predict: neutral
true: appearance
毕竟奥迪一直是我的梦，然后也很钟情白色的Q7，

predict: operation
true: oilwear
油耗方面前面已经有实际操作去验证，谈不上省油，但也还在接受范围以内！

predict: neutral
true: appearance
斑马纹还不错

predict: neutral
true: other
每次着车，音响就自动打开，莫名其妙的设计。

predict: failure
true: oilwear
总的平均油耗是14升/百公里。

predict: maintenance
true: neutral
因为如果一个车开起来晃晃悠悠，一点儿安全感都没有的话，还何谈操控？

predict: neutral
true: oilwear
时速大约50-65公里之间，看了一下今天的平均油耗为12.6

predict: appearance
true: neutral
前排一览，

predict: neutral
true: comfort
8、通风座椅没的说，夏天绝对是一种享受，如果只有前排乘客的话，基本可以不用开空调，很舒服。

predict: neutral
true: other
视线好

predict: neutral
true: costperformance
所以对我来说，这辆Q7令我很满意。

predict: neutral
true: appearance
车身颜色属于比较少见的，挺扎眼，回头率挺高。

predict: neutral
true: comfort
底盘稳重，跑高速很扎实。

predict: neutral
true: oilwear
第一箱油跑了720公里亮灯。

predict: neutral
true: space
其中我最新喜欢的是分段控制的全景天窗，有它车里更通透。

predict: decoration
true: comfort
X5也不错，就是舒适性没Q7好，所以最后也就决定Q7了。

predict: neutral
true: operation
由于堵车，踩刹车的脚都抽筋了，Q7没有电子手刹真是设计的一大败笔。

predict: appearance
true: neutral
发现的造型我还是有些不太喜欢，有点儿太规矩了。

predict: neutral
true: operation
操控——奥迪是我的第一台车，而且是提车不久前拿到的驾照，然后我还轻轻松松磨合好了，所以说这车的操控是顶级的。

predict: neutral
true: comfort
2、加装的座椅感觉还是比较好的，副驾驶是LD专座，中间是贵宾席，第三排座是小皇帝专席。

predict: neutral
true: costperformance
刚绝还是挺给力的。

predict: power
true: comfort
四区独立温控空调，带座椅加热和通风，不同区域可以单独设定温度

predict: neutral
true: appearance
Q7的外观不用我多说，一眼看上去，很有力量感。

predict: maintenance
true: neutral
早在前年我就在4S店看过和试过Q7，那会儿是想着换个大点儿的SUV，带家里人去更多的地方玩玩儿。

predict: neutral
true: comfort
通过这些配置，咱们不难看出Q7在舒适性方面绝对有保障。

predict: power
true: neutral
掉档次的儿童安全座椅来了

predict: neutral
true: decoration
[内饰]比起宝马X5算不错了。

predict: neutral
true: decoration
7、屏幕太小啦！！

predict: neutral
true: appearance
侧面线条很饱满，笔直的腰线衬托出车身侧面的立体感。

predict: oilwear
true: neutral
而这些，Q7都能做到，这就足够了。

predict: appearance
true: neutral
3月底提车，因为对新款无感，现在优惠又不错。

predict: neutral
true: operation
下坡辅助不知如何开启，有人说需要关掉ESP，有人说需要猛踩两次刹车，但统统不管用，下坡依旧越溜越快。

predict: power
true: neutral
至于它的动力、操控和越野能力方面，我打算以后再说。

predict: neutral
true: other
服务——4s店坑爹啊，买车的时候啥都没送，抠门

predict: maintenance
true: oilwear
体会如下：1、目前油耗17个左右（利用软件测算所得），但随着磨合期（目前只跑了500公里）估计会下降，目前仪表显示14个。

predict: neutral
true: space
整体空间与实际尺寸来看不算优秀，行李箱仅比老款欧蓝德略大，但人家毕竟只有4米7以内的长度。

predict: neutral
true: other
我的Q7前挡风喷出的水是柱状的，而不是雾状的，感觉玻璃洗不干净。

predict: neutral
true: space
[空间]够大。

predict: neutral
true: space
车顶的行李架，配上专用行李箱，可以扩充储物空间。

predict: maintenance
true: appearance
LED日行灯没有和奥迪其它的车一样用灯带式，还是保留Q7独有的C型点状。

predict: power
true: neutral
但是我不想用这些东西来衡量它的动力，我更愿意用感性的标准来衡量。

predict: neutral
true: costperformance
能够好用而且还好开，作为一辆家用车来说就合格了。

predict: operation
true: neutral
[油耗]暂时没统计。

predict: neutral
true: operation
4、万恶的脚刹！

predict: neutral
true: costperformance
典藏版是原来的运动版通过升级配置而来的，包括自适应空气悬架、全套越野风格外观包、20寸车轮等等，这点儿东西选装的话要花10多万。

predict: maintenance
true: neutral
没有钱我就圆不了我的奥迪梦，没有钱我也没法让我儿子上最好的幼儿园，没有钱，老婆就不会安心在家做个全职太太了！！！（怎么搞的像小学生在写排比句一样）

predict: decoration
true: other
3、和日本车比较，Q7做工比日本车要好一些，但设计上确实不如日本人，按键密密麻麻的，车子空间利用率明显不如日本车。

predict: maintenance
true: space
后排没有想象得那么大，而且座椅好短，不过足够用了。

predict: oilwear
true: costperformance
不满意的地方：价格——高了点，买车之后就没啥存款了，搞得我老婆现在省吃俭用的

predict: operation
true: power
动力的话又得说到油耗了，它能真正告诉你什么叫“沉默加速度”，那种提速的快感真心爽！

predict: neutral
true: operation
Q7的稳定性我觉得不错，在一些紧急情况下，比如紧急避让前车的时候，Q7都很稳，当然前提是不慌乱。

predict: neutral
true: operation
在我心里，驾驭Q7这样的大家伙，一点也不困难。

predict: neutral
true: decoration
方向盘手感不错，造型略保守

predict: neutral
true: comfort
悬架比宝马软，比350硬一些，但差别不显著。

predict: neutral
true: decoration
那么大一块地方就放那么个小屏幕，好像一大白脸上张一双小眼睛。

predict: neutral
true: operation
操控就不说了，这车谈不上。

predict: neutral
true: comfort
不过真皮的品质以及记忆棉的回弹效果还是比较满意的，由于一些网织腰靠对于Q7来说太掉价了，也就直接PASS掉了。

predict: neutral
true: comfort
Q7不配空气悬挂，就太不舒适了。

predict: neutral
true: oilwear
不过高速挺省油，按照120公里/小时的速度，基本都在10升左右。

predict: neutral
true: appearance
轮眉和车身颜色不一样，因为它是越野风格包中的轮眉防护。

predict: appearance
true: neutral
做了个镀晶。

predict: neutral
true: space
后排的大福利

predict: appearance
true: comfort
说说空气悬挂，终于明白了奥迪A6L的悬挂为啥那么硬，这样更能衬托空气悬挂的舒适性，

predict: operation
true: oilwear
油耗那可真心叫高，也许是我每天活动的区域所致，

predict: neutral
true: appearance
销售说实际上没这么浅，之后还给我从网上找了斯科巴蓝的车给我看。

predict: neutral
true: appearance
车身比较长，很有越野范
