Building prefix dict from /usr/local/lib/python2.7/dist-packages/jieba/dict.txt ...
Loading model from cache /tmp/jieba.cache
Loading model cost 0.406 seconds.
Prefix dict has been built succesfully.
updating word dic...
load total number:  298514
init complete
dump data...
total number of data: 298514
vector len:  31816
processing 0% ...
processing 1% ...
processing 2% ...
processing 3% ...
processing 4% ...
processing 5% ...
processing 6% ...
processing 7% ...
processing 8% ...
processing 9% ...
processing 10% ...
processing 11% ...
processing 12% ...
processing 13% ...
processing 14% ...
processing 15% ...
processing 16% ...
processing 17% ...
processing 18% ...
processing 19% ...
processing 20% ...
processing 21% ...
processing 22% ...
processing 23% ...
processing 24% ...
processing 25% ...
processing 26% ...
processing 27% ...
processing 28% ...
processing 29% ...
processing 30% ...
processing 31% ...
processing 32% ...
processing 33% ...
processing 34% ...
processing 35% ...
processing 36% ...
processing 37% ...
processing 38% ...
processing 39% ...
processing 40% ...
processing 41% ...
processing 42% ...
processing 43% ...
processing 44% ...
processing 45% ...
processing 46% ...
processing 47% ...
processing 48% ...
processing 49% ...
processing 50% ...
processing 51% ...
processing 52% ...
processing 53% ...
processing 54% ...
processing 55% ...
processing 56% ...
processing 57% ...
processing 58% ...
processing 59% ...
processing 60% ...
processing 61% ...
processing 62% ...
processing 63% ...
processing 64% ...
processing 65% ...
processing 66% ...
processing 67% ...
processing 68% ...
processing 69% ...
processing 70% ...
processing 71% ...
processing 72% ...
processing 73% ...
processing 74% ...
processing 75% ...
processing 76% ...
processing 77% ...
processing 78% ...
processing 79% ...
processing 80% ...
processing 81% ...
processing 82% ...
processing 83% ...
processing 84% ...
processing 85% ...
processing 86% ...
processing 87% ...
processing 88% ...
processing 89% ...
processing 90% ...
processing 91% ...
processing 92% ...
processing 93% ...
processing 94% ...
processing 95% ...
processing 96% ...
processing 97% ...
processing 98% ...
processing 99% ...
Dump data complete
begin traning svm...
load data complete
59702
##########
ratio: 0.1
type: linear
vec_type segment
0.81823054504
[ 0.84076809  0.82998119  0.80888889  0.82167638  0.74272931  0.81731464
  0.85128205  0.74431026  0.5008489   0.72450658  0.91423237]
0.781503515148 0.831390651822
[ 0.93434012  0.92411793  0.86422793  0.95592509  0.76829621  0.9149005
  0.87291849  0.8097524   0.91995842  0.91962422  0.58208642]
0.860558884548 0.81823054504
[ 0.88508786  0.87452356  0.83564323  0.88373134  0.75529646  0.86335878
  0.86196452  0.77565344  0.64858923  0.81048758  0.71129528]
0.809602842299 0.813268930506
[ 6092  6207  5686  6194  3457  6181  5705  3958   962   958 14302]
##########
begin traning svm...
load data complete
59702
##########
ratio: 0.2
type: linear
vec_type segment
0.834243408931
[ 0.8667676   0.8354612   0.83809204  0.84099887  0.76829605  0.82670861
  0.85387974  0.76620047  0.49945235  0.71967871  0.93543806]
0.795543064153 0.848531798845
[ 0.93975706  0.93829547  0.87759409  0.96238295  0.804744    0.93544734
  0.89114812  0.83046993  0.94802495  0.93528184  0.59872745]
0.87835210868 0.834243408931
[ 0.90178782  0.8838974   0.85738832  0.89760578  0.78609777  0.87772296
  0.87211596  0.79704171  0.65423242  0.81343622  0.73013302]
0.824678126088 0.829767627713
[ 6092  6207  5686  6194  3457  6181  5705  3958   962   958 14302]
##########
begin traning svm...
load data complete
59702
##########
ratio: 0.3
type: linear
vec_type segment
0.843506080198
[ 0.87051883  0.83979957  0.8532141   0.85433295  0.78211976  0.83373908
  0.86313318  0.7750289   0.50439078  0.71540266  0.94759069]
0.803570046294 0.858109284638
[ 0.94468155  0.94506203  0.88937742  0.96771069  0.804744    0.94191878
  0.90201578  0.84689237  0.95530146  0.95511482  0.61187247]
0.887699213828 0.843506080198
[ 0.90608518  0.88932686  0.87092052  0.90749432  0.7932706   0.88453358
  0.88214622  0.80936859  0.66020115  0.8180599   0.74359519]
0.833182010404 0.839376797162
[ 6092  6207  5686  6194  3457  6181  5705  3958   962   958 14302]
##########
begin traning svm...
load data complete
59702
##########
ratio: 0.4
type: linear
vec_type segment
0.85104351613
[ 0.87946496  0.84968263  0.85996288  0.86064165  0.79200675  0.83642592
  0.86889374  0.79027356  0.500271    0.7299444   0.95418221]
0.8110681551 0.865504720207
[ 0.94977019  0.94892863  0.89641224  0.97013239  0.81400058  0.94806666
  0.90727432  0.85396665  0.95945946  0.95929019  0.6261362 ]
0.893948863931 0.85104351613
[ 0.91326651  0.89656747  0.87780935  0.91211293  0.80285307  0.88875408
  0.88766935  0.82088646  0.65764161  0.82904826  0.75611095]
0.840247276954 0.84741412129
[ 6092  6207  5686  6194  3457  6181  5705  3958   962   958 14302]
##########
begin traning svm...
load data complete
59702
##########
ratio: 0.5
type: linear
vec_type segment
0.857190713879
[ 0.88424095  0.85498054  0.86726412  0.87080925  0.80275746  0.83793398
  0.87546218  0.79715551  0.50404749  0.7393745   0.95919881]
0.817565890189 0.871569594855
[ 0.95420223  0.95553407  0.9020401   0.97287698  0.82528204  0.95275845
  0.91305872  0.86382011  0.97089397  0.96242171  0.63284855]
0.900521539989 0.857190713879
[ 0.91789042  0.902465    0.88431034  0.91901784  0.81386393  0.89166477
  0.89386529  0.82914999  0.66358792  0.83628118  0.76257477]
0.846788315657 0.853673778928
[ 6092  6207  5686  6194  3457  6181  5705  3958   962   958 14302]
##########
begin traning svm...
load data complete
59702
##########
ratio: 0.6
type: linear
vec_type segment
0.860389936686
[ 0.88909258  0.85879462  0.87377492  0.87105149  0.80789695  0.84161668
  0.8769076   0.79819486  0.50375134  0.74658085  0.96295117]
0.820964823994 0.875002073092
[ 0.95535128  0.95730627  0.90942666  0.97497578  0.83453862  0.9534056
  0.91656442  0.8713997   0.97713098  0.96868476  0.63424696]
0.904821001553 0.860389936686
[ 0.92103181  0.90537864  0.8912444   0.92008837  0.82100171  0.89403019
  0.89629757  0.83319241  0.66478076  0.84325307  0.76477531]
0.850461294149 0.856885577651
[ 6092  6207  5686  6194  3457  6181  5705  3958   962   958 14302]
##########
begin traning svm...
load data complete
59702
##########
ratio: 0.7
type: linear
vec_type segment
0.86402465579
[ 0.89143381  0.86119144  0.87928693  0.87375415  0.81223806  0.84730967
  0.88018124  0.80699722  0.5010627   0.74324324  0.96674433]
0.823949344557 0.878844469636
[ 0.95830598  0.95956179  0.91083363  0.97659025  0.84090252  0.95793561
  0.91936897  0.87998989  0.98024948  0.97599165  0.63823242]
0.908905652182 0.86402465579
[ 0.9236611   0.90771927  0.89478231  0.92231455  0.82632177  0.89923305
  0.89934842  0.84191443  0.66315049  0.84386282  0.76886792]
0.853743285735 0.860645536469
[ 6092  6207  5686  6194  3457  6181  5705  3958   962   958 14302]
##########
begin traning svm...
load data complete
59702
##########
ratio: 0.8
type: linear
vec_type segment
0.866520384577
[ 0.89274255  0.86182028  0.87943862  0.87610363  0.81902098  0.85434657
  0.88386124  0.81009727  0.49683878  0.73680063  0.97040102]
0.825588324429 0.881684605434
[ 0.95912672  0.96262285  0.91470278  0.97723603  0.84697715  0.9603624
  0.92445223  0.88377969  0.98024948  0.97599165  0.6395609 ]
0.911369262071 0.866520384577
[ 0.9247448   0.90943683  0.89672414  0.92391055  0.83276451  0.90425775
  0.90370117  0.84533591  0.65944056  0.83969466  0.77098786]
0.855545339422 0.863202432009
[ 6092  6207  5686  6194  3457  6181  5705  3958   962   958 14302]
##########
begin traning svm...
load data complete
59702
##########
ratio: 0.9
type: linear
vec_type segment
0.868630866638
[ 0.8952279   0.86559606  0.88017576  0.87928033  0.82270301  0.85627793
  0.88602078  0.81361015  0.49528302  0.73380172  0.9716612 ]
0.827239805766 0.883811655049
[ 0.96076822  0.96391171  0.91593387  0.97836616  0.84697715  0.96100955
  0.92655565  0.89110662  0.98232848  0.98121086  0.64249755]
0.913696893034 0.868630866638
[ 0.92684086  0.9121122   0.89769887  0.92618065  0.83466363  0.90562586
  0.90583498  0.85059689  0.65853659  0.83966056  0.7735174 ]
0.857388043728 0.86541796253
[ 6092  6207  5686  6194  3457  6181  5705  3958   962   958 14302]
##########
begin traning svm...
load data complete
59702
##########
ratio: 1
type: linear
vec_type segment
0.871361093431
[ 0.9008455   0.86569322  0.87986577  0.88593156  0.82695554  0.85990757
  0.88900067  0.81835032  0.48968008  0.72847168  0.97472886]
0.829039162508 0.886835602964
[ 0.96191727  0.96471725  0.92226521  0.97804327  0.8501591   0.96327455
  0.92936021  0.89236988  0.98648649  0.98016701  0.64725213]
0.91600112546 0.871361093431
[ 0.93038025  0.91252667  0.90056672  0.92971148  0.83839681  0.90866082
  0.90873254  0.85375876  0.65448276  0.83578104  0.77793185]
0.85917542587 0.868408483214
[ 6092  6207  5686  6194  3457  6181  5705  3958   962   958 14302]
##########
updating word dic...
load total number:  298514
init complete
dump data...
total number of data: 298514
vector len:  33499
processing 0% ...
processing 1% ...
processing 2% ...
processing 3% ...
processing 4% ...
processing 5% ...
processing 6% ...
processing 7% ...
processing 8% ...
processing 9% ...
processing 10% ...
processing 11% ...
processing 12% ...
processing 13% ...
processing 14% ...
processing 15% ...
processing 16% ...
processing 17% ...
processing 18% ...
processing 19% ...
processing 20% ...
processing 21% ...
processing 22% ...
processing 23% ...
processing 24% ...
processing 25% ...
processing 26% ...
processing 27% ...
processing 28% ...
processing 29% ...
processing 30% ...
processing 31% ...
processing 32% ...
processing 33% ...
processing 34% ...
processing 35% ...
processing 36% ...
processing 37% ...
processing 38% ...
processing 39% ...
processing 40% ...
processing 41% ...
processing 42% ...
processing 43% ...
processing 44% ...
processing 45% ...
processing 46% ...
processing 47% ...
processing 48% ...
processing 49% ...
processing 50% ...
processing 51% ...
processing 52% ...
processing 53% ...
processing 54% ...
processing 55% ...
processing 56% ...
processing 57% ...
processing 58% ...
processing 59% ...
processing 60% ...
processing 61% ...
processing 62% ...
processing 63% ...
processing 64% ...
processing 65% ...
processing 66% ...
processing 67% ...
processing 68% ...
processing 69% ...
processing 70% ...
processing 71% ...
processing 72% ...
processing 73% ...
processing 74% ...
processing 75% ...
processing 76% ...
processing 77% ...
processing 78% ...
processing 79% ...
processing 80% ...
processing 81% ...
processing 82% ...
processing 83% ...
processing 84% ...
processing 85% ...
processing 86% ...
processing 87% ...
processing 88% ...
processing 89% ...
processing 90% ...
processing 91% ...
processing 92% ...
processing 93% ...
processing 94% ...
processing 95% ...
processing 96% ...
processing 97% ...
processing 98% ...
processing 99% ...
Dump data complete
begin traning svm...
load data complete
59702
##########
ratio: 0.1
type: linear
vec_type unigram
0.746021908814
[ 0.82721128  0.75035812  0.79660162  0.68941149  0.72947132  0.75802536
  0.8379582   0.71173883  0.32606325  0.46666667  0.92669833]
0.710927678327 0.792530660026
[ 0.92416284  0.92830675  0.8327471   0.96076849  0.75036159  0.90923799
  0.85749343  0.77665488  0.93243243  0.93528184  0.31380227]
0.829204507392 0.746021908814
[ 0.87300357  0.82990062  0.81427343  0.8027789   0.739769    0.82677455
  0.84761327  0.7427812   0.48316725  0.62265462  0.46884304]
0.731959950258 0.724964690155
[ 6092  6207  5686  6194  3457  6181  5705  3958   962   958 14302]
##########
begin traning svm...
load data complete
59702
##########
ratio: 0.2
type: linear
vec_type unigram
0.754748584637
[ 0.84439462  0.76141462  0.82006861  0.70048309  0.74807857  0.7658339
  0.82587065  0.73642669  0.31956598  0.44477172  0.93011386]
0.717911118517 0.801546898956
[ 0.92728168  0.92959562  0.84083714  0.95979981  0.7601967   0.91748908
  0.87291849  0.77791814  0.94906445  0.94572025  0.33128234]
0.837463972854 0.754748584637
[ 0.88389923  0.83714182  0.83032303  0.80989033  0.75408895  0.83482997
  0.84874308  0.75660401  0.47813564  0.60500835  0.48855434]
0.738838068154 0.736140950403
[ 6092  6207  5686  6194  3457  6181  5705  3958   962   958 14302]
##########
begin traning svm...
load data complete
59702
##########
ratio: 0.3
type: linear
vec_type unigram
0.759589293491
[ 0.84530715  0.75061251  0.82284142  0.71271115  0.75790684  0.76530612
  0.8372132   0.73239105  0.32578705  0.47319105  0.93524067]
0.723500746993 0.805164896228
[ 0.93286277  0.93781215  0.84136476  0.96044559  0.76251085  0.92218088
  0.8762489   0.78549773  0.95738046  0.94885177  0.33827437]
0.842130020058 0.759589293491
[ 0.88692938  0.83383469  0.832       0.81823809  0.76020187  0.83645168
  0.8562864   0.75801536  0.4861441   0.63146926  0.49684211]
0.745128449466 0.741007383973
[ 6092  6207  5686  6194  3457  6181  5705  3958   962   958 14302]
##########
begin traning svm...
load data complete
59702
##########
ratio: 0.4
type: linear
vec_type unigram
0.761297778969
[ 0.84174685  0.75967175  0.82269748  0.74399399  0.76321906  0.76220892
  0.84268149  0.74216695  0.32012405  0.40355556  0.93641729]
0.721680307182 0.809206105036
[ 0.93335522  0.93958434  0.83890257  0.95996125  0.75990743  0.92671089
  0.87695004  0.78398181  0.96569647  0.94780793  0.34393791]
0.843345078695 0.761297778969
[ 0.8851872   0.84010372  0.830721    0.83829127  0.76155965  0.8364486
  0.85947432  0.76250154  0.48084886  0.56608479  0.50309384]
0.742210434598 0.744483541945
[ 6092  6207  5686  6194  3457  6181  5705  3958   962   958 14302]
##########
begin traning svm...
load data complete
59702
##########
ratio: 0.5
type: linear
vec_type unigram
0.763525510033
[ 0.84769987  0.76277611  0.82797372  0.74671341  0.76439942  0.761563
  0.84198153  0.74041438  0.31788756  0.41382447  0.93731118]
0.723867694859 0.811082223475
[ 0.93466842  0.94022877  0.84224411  0.96286729  0.76395719  0.92703446
  0.87887818  0.78549773  0.96985447  0.94989562  0.34708432]
0.845655504758 0.763525510033
[ 0.88906238  0.84225718  0.83504795  0.84112545  0.76417824  0.83619117
  0.86003431  0.76229006  0.47882987  0.57649667  0.5065823 ]
0.744735961908 0.746943684277
[ 6092  6207  5686  6194  3457  6181  5705  3958   962   958 14302]
##########
begin traning svm...
load data complete
59702
##########
ratio: 0.6
type: linear
vec_type unigram
0.764446752203
[ 0.84596034  0.76685504  0.82821663  0.78487683  0.76905177  0.76640385
  0.83952477  0.74273464  0.31346283  0.35422343  0.93787764]
0.722653433198 0.81510898209
[ 0.93844386  0.94006767  0.84453043  0.96189861  0.76482499  0.92784339
  0.87940403  0.7877716   0.97297297  0.94989562  0.34729408]
0.846813386751 0.764446752203
[ 0.88980545  0.84467284  0.83629397  0.86441785  0.76693256  0.83943208
  0.8590018   0.76459049  0.47416413  0.51601928  0.50688846]
0.742019900846 0.749382463889
[ 6092  6207  5686  6194  3457  6181  5705  3958   962   958 14302]
##########
begin traning svm...
load data complete
59702
##########
ratio: 0.7
type: linear
vec_type unigram
0.764898998359
[ 0.84556327  0.7673163   0.83623997  0.78568604  0.76630908  0.7674636
  0.83949791  0.74421379  0.31515557  0.34817352  0.93956563]
0.723198606791 0.816345478967
[ 0.94008536  0.9387788   0.84329933  0.96238295  0.76453572  0.92962304
  0.87922875  0.78802425  0.97920998  0.95511482  0.34785345]
0.848012404735 0.764898998359
[ 0.89032258  0.84443156  0.83975482  0.86510413  0.76542137  0.84079602
  0.85890411  0.7654927   0.47684131  0.5103179   0.50773078]
0.742283388485 0.7500685755
[ 6092  6207  5686  6194  3457  6181  5705  3958   962   958 14302]
##########
begin traning svm...
load data complete
59702
##########
ratio: 0.8
type: linear
vec_type unigram
0.765418243945
[ 0.8460062   0.76792527  0.83606557  0.78887417  0.76902963  0.76936478
  0.84230834  0.74606205  0.31545424  0.34074074  0.93931398]
0.723740453743 0.817338857341
[ 0.94057781  0.94038988  0.84312346  0.96157572  0.7656928   0.92881411
  0.88010517  0.78979282  0.97817048  0.96033403  0.34848273]
0.848823546049 0.765418243945
[ 0.89078896  0.84545191  0.83957968  0.86670547  0.76735759  0.84160375
  0.86079205  0.76730486  0.47705957  0.50300711  0.50836393]
0.742546807872 0.750905873705
[ 6092  6207  5686  6194  3457  6181  5705  3958   962   958 14302]
##########
begin traning svm...
load data complete
59702
##########
ratio: 0.9
type: linear
vec_type unigram
0.765719741382
[ 0.8445167   0.77099842  0.83562359  0.79086443  0.77517564  0.76994111
  0.84230834  0.74244228  0.30990099  0.34251675  0.94076721]
0.724095950014 0.818133480901
[ 0.93795141  0.94055099  0.84488217  0.96157572  0.76598207  0.93075554
  0.88010517  0.78802425  0.97609148  0.96033403  0.34981122]
0.848733094575 0.765719741382
[ 0.88878519  0.84737644  0.84022737  0.86790528  0.77055143  0.84274518
  0.86079205  0.76455448  0.47044088  0.50493963  0.50998981]
0.742573431467 0.751522280032
[ 6092  6207  5686  6194  3457  6181  5705  3958   962   958 14302]
##########
begin traning svm...
load data complete
59702
##########
ratio: 1
type: linear
vec_type unigram
0.765903989816
[ 0.84548277  0.77287776  0.83509807  0.79665552  0.7751462   0.76754094
  0.84597276  0.74405328  0.30921053  0.33321234  0.94274882]
0.724363544866 0.819499266628
[ 0.93860801  0.94022877  0.84611326  0.96141427  0.76684987  0.93269697
  0.88185802  0.79029813  0.97713098  0.95824635  0.34771361]
0.849196203749 0.765903989816
[ 0.88961494  0.84837912  0.84056958  0.87131465  0.77097572  0.84209758
  0.86354274  0.7664788   0.46976512  0.49447886  0.50804516]
0.74229656922 0.751800847832
[ 6092  6207  5686  6194  3457  6181  5705  3958   962   958 14302]
##########
updating word dic...
load total number:  298514
init complete
dump data...
total number of data: 298514
vector len:  164580
processing 0% ...
processing 1% ...
processing 2% ...
processing 3% ...
processing 4% ...
processing 5% ...
processing 6% ...
processing 7% ...
processing 8% ...
processing 9% ...
processing 10% ...
processing 11% ...
processing 12% ...
processing 13% ...
processing 14% ...
processing 15% ...
processing 16% ...
processing 17% ...
processing 18% ...
processing 19% ...
processing 20% ...
processing 21% ...
processing 22% ...
processing 23% ...
processing 24% ...
processing 25% ...
processing 26% ...
processing 27% ...
processing 28% ...
processing 29% ...
processing 30% ...
processing 31% ...
processing 32% ...
processing 33% ...
processing 34% ...
processing 35% ...
processing 36% ...
processing 37% ...
processing 38% ...
processing 39% ...
processing 40% ...
processing 41% ...
processing 42% ...
processing 43% ...
processing 44% ...
processing 45% ...
processing 46% ...
processing 47% ...
processing 48% ...
processing 49% ...
processing 50% ...
processing 51% ...
processing 52% ...
processing 53% ...
processing 54% ...
processing 55% ...
processing 56% ...
processing 57% ...
processing 58% ...
processing 59% ...
processing 60% ...
processing 61% ...
processing 62% ...
processing 63% ...
processing 64% ...
processing 65% ...
processing 66% ...
processing 67% ...
processing 68% ...
processing 69% ...
processing 70% ...
processing 71% ...
processing 72% ...
processing 73% ...
processing 74% ...
processing 75% ...
processing 76% ...
processing 77% ...
processing 78% ...
processing 79% ...
processing 80% ...
processing 81% ...
processing 82% ...
processing 83% ...
processing 84% ...
processing 85% ...
processing 86% ...
processing 87% ...
processing 88% ...
processing 89% ...
processing 90% ...
processing 91% ...
processing 92% ...
processing 93% ...
processing 94% ...
processing 95% ...
processing 96% ...
processing 97% ...
processing 98% ...
processing 99% ...
Dump data complete
begin traning svm...
load data complete
59702
##########
ratio: 0.1
type: linear
vec_type bigram
0.830424441392
[ 0.85673396  0.83427332  0.81196581  0.83158777  0.74547945  0.82422837
  0.84137816  0.76820562  0.5441266   0.7247557   0.94380932]
0.793322188535 0.84408687966
[ 0.93351937  0.92943451  0.86880056  0.96141427  0.78709864  0.92023944
  0.88606486  0.81556342  0.92931393  0.92901879  0.61187247]
0.87021275025 0.830424441392
[ 0.89347997  0.87928669  0.83942226  0.89180082  0.76572393  0.86959181
  0.86314352  0.79117647  0.68637236  0.81427264  0.7424281 ]
0.821518052368 0.826336079893
[ 6092  6207  5686  6194  3457  6181  5705  3958   962   958 14302]
##########
begin traning svm...
load data complete
59702
##########
ratio: 0.2
type: linear
vec_type bigram
0.853338246625
[ 0.88322848  0.8500946   0.84440007  0.85642929  0.76762262  0.8500441
  0.8556582   0.79203225  0.58029431  0.72257552  0.96068288]
0.814823845935 0.865590625091
[ 0.9448457   0.94103432  0.89236722  0.96884081  0.82846399  0.93544734
  0.90920245  0.84386054  0.94282744  0.94885177  0.6492099 ]
0.891359225382 0.853338246625
[ 0.91299865  0.89325585  0.86772125  0.90917355  0.7968837   0.89070323
  0.88161808  0.81712538  0.71841584  0.82039711  0.77481537]
0.843918910077 0.850126524123
[ 6092  6207  5686  6194  3457  6181  5705  3958   962   958 14302]
##########
begin traning svm...
load data complete
59702
##########
ratio: 0.3
type: linear
vec_type bigram
0.868111621051
[ 0.89800649  0.85990408  0.86744147  0.87268786  0.79288817  0.86428149
  0.86667768  0.79902643  0.60462046  0.72878668  0.97111695]
0.829585250086 0.879444559866
[ 0.95387393  0.95327856  0.90573338  0.97497578  0.84495227  0.94580165
  0.91954426  0.87089439  0.95218295  0.95929019  0.67235352]
0.904807352846 0.868111621051
[ 0.92509751  0.90418704  0.88617397  0.92100046  0.8180927   0.90320587
  0.89232863  0.83341393  0.73960436  0.82830104  0.79457941]
0.858725900632 0.865310719621
[ 6092  6207  5686  6194  3457  6181  5705  3958   962   958 14302]
##########
begin traning svm...
load data complete
59702
##########
ratio: 0.4
type: linear
vec_type bigram
0.880674014271
[ 0.9099239   0.87457727  0.87901733  0.88141259  0.80988593  0.87475915
  0.87875785  0.82429602  0.60829493  0.75878986  0.97706603]
0.843343714741 0.891058215528
[ 0.96175312  0.95827292  0.9187478   0.97917339  0.86259763  0.95486167
  0.93251534  0.89489641  0.96049896  0.96868476  0.69109215]
0.916644923429 0.880674014271
[ 0.9351209   0.91451415  0.89844355  0.92772467  0.83541112  0.91305693
  0.90483885  0.85814658  0.74486094  0.85098579  0.80956671]
0.872060925179 0.878170196296
[ 6092  6207  5686  6194  3457  6181  5705  3958   962   958 14302]
##########
begin traning svm...
load data complete
59702
##########
ratio: 0.5
type: linear
vec_type bigram
0.889986935111
[ 0.91692595  0.88688452  0.8861204   0.89141266  0.82265477  0.88200327
  0.89432387  0.83584862  0.61696488  0.76062092  0.98185189]
0.852328340298 0.899824507501
[ 0.96749836  0.96632834  0.93193809  0.98207943  0.88024299  0.96020061
  0.93900088  0.90955028  0.96777547  0.97181628  0.70360789]
0.925458055985 0.889986935111
[ 0.94153355  0.92490362  0.90845191  0.93455216  0.85047513  0.91944229
  0.916118    0.87114338  0.75354108  0.85334555  0.81976294]
0.881206327911 0.887659340444
[ 6092  6207  5686  6194  3457  6181  5705  3958   962   958 14302]
##########
begin traning svm...
load data complete
59702
##########
ratio: 0.6
type: linear
vec_type bigram
0.89683762688
[ 0.923125    0.8932859   0.89354568  0.89720177  0.84131737  0.88782958
  0.89983389  0.84439306  0.62251656  0.77074774  0.98520453]
0.8599091889 0.906262317262
[ 0.96979645  0.97100048  0.93739008  0.98353245  0.89412786  0.96424527
  0.94951797  0.92268823  0.97713098  0.97912317  0.71234792]
0.932809169134 0.89683762688
[ 0.94588537  0.93052339  0.91494292  0.93838571  0.86691909  0.92446099
  0.92400853  0.88180611  0.7605178   0.86252874  0.82684738]
0.888802364953 0.894593156691
[ 6092  6207  5686  6194  3457  6181  5705  3958   962   958 14302]
##########
begin traning svm...
load data complete
59702
##########
ratio: 0.7
type: linear
vec_type bigram
0.904475561958
[ 0.92794486  0.90181764  0.90625527  0.90379784  0.8504065   0.89595808
  0.90680646  0.85667904  0.63143813  0.76778414  0.98885608]
0.867067639974 0.913355540964
[ 0.97242285  0.9751893   0.94530426  0.98740717  0.90772346  0.96828992
  0.95512708  0.93329965  0.98128898  0.98016701  0.72591246]
0.939284740018 0.904475561958
[ 0.94966335  0.93706943  0.925368    0.94375434  0.87813068  0.93072078
  0.93033976  0.89334946  0.76841677  0.8610729   0.83722431]
0.895919071439 0.902466435818
[ 6092  6207  5686  6194  3457  6181  5705  3958   962   958 14302]
##########
begin traning svm...
load data complete
59702
##########
ratio: 0.8
type: linear
vec_type bigram
0.91045526113
[ 0.93269532  0.90688985  0.91541194  0.90903695  0.86032609  0.90365249
  0.91505017  0.8657547   0.63108739  0.76006441  0.99171375]
0.8719711871 0.919098720271
[ 0.97586999  0.97760593  0.9516356   0.98902163  0.91582297  0.97265815
  0.95915863  0.94340576  0.98336798  0.98538622  0.7364005 ]
0.944575760676 0.91045526113
[ 0.95379432  0.94092107  0.93317237  0.947344    0.88720751  0.9368864
  0.93658537  0.9029138   0.76879317  0.85818182  0.84519701]
0.900999712959 0.90866850983
[ 6092  6207  5686  6194  3457  6181  5705  3958   962   958 14302]
##########
begin traning svm...
load data complete
59702
##########
ratio: 0.9
type: linear
vec_type bigram
0.915496968276
[ 0.93766724  0.91068485  0.91883226  0.91351593  0.87291153  0.90989905
  0.919933    0.87273992  0.64802183  0.75518341  0.99264432]
0.877457576672 0.923513666851
[ 0.97783979  0.9790559   0.9576152   0.99079755  0.9218976   0.97702637
  0.96266433  0.951238    0.98752599  0.98851775  0.74542022]
0.949054426205 0.915496968276
[ 0.95733226  0.94363354  0.93782294  0.9505886   0.89673607  0.94226868
  0.9408137   0.91029981  0.78253707  0.8562387   0.85144956]
0.906338267447 0.913781878743
[ 6092  6207  5686  6194  3457  6181  5705  3958   962   958 14302]
##########
begin traning svm...
load data complete
59702
##########
ratio: 1
type: linear
vec_type bigram
0.92075642357
[ 0.94253237  0.91265331  0.92563799  0.91956261  0.8846792   0.91291246
  0.92753623  0.87704729  0.65814917  0.76451613  0.99439287]
0.883601784333 0.928227575568
[ 0.97997374  0.98308362  0.96324305  0.99112044  0.92536882  0.98026209
  0.96476775  0.96058615  0.99064449  0.98956159  0.75639771]
0.953182676371 0.92075642357
[ 0.96088846  0.94656015  0.94406619  0.95400155  0.90456666  0.9453893
  0.94578572  0.91691788  0.79087137  0.86260237  0.85921925]
0.911897172846 0.919185774359
[ 6092  6207  5686  6194  3457  6181  5705  3958   962   958 14302]
##########
