total number of data: 100000
vector len:  17380
Dump data complete
begin traning svm...
load data complete
26615
##########
ratio: 0.1
type: linear
vec_type segment
0.776629720083
[ 0.80851866  0.7758306   0.75811088  0.81056338  0.67810831  0.79461652
  0.7970562   0.67954816  0.76407873  0.49384886  0.76046512  0.8597488 ]
0.748374517999 0.786101214034
[ 0.91044143  0.89852008  0.86181139  0.94112837  0.71925566  0.87388483
  0.8204775   0.76454849  0.76470588  0.81686047  0.89344262  0.51652893]
0.81513380544 0.776629720083
[ 0.85645837  0.83268025  0.80664191  0.87097995  0.69807617  0.83236771
  0.80859729  0.71954674  0.76439218  0.61555312  0.82160804  0.64534231]
0.772687002906 0.770089211143
[2356 2365 2142 2446 1236 2466 2178 1495 3655  344  366 5566]
##########
begin traning svm...
load data complete
26615
##########
ratio: 0.2
type: linear
vec_type segment
0.792823595717
[ 0.81641064  0.78841952  0.7764363   0.83327306  0.70913277  0.81326417
  0.81491345  0.70739157  0.77571851  0.46202532  0.75        0.8861327 ]
0.761093166587 0.804235204383
[ 0.92487267  0.9154334   0.87068161  0.94194603  0.74757282  0.89010543
  0.84297521  0.77458194  0.79015048  0.84883721  0.90163934  0.53269853]
0.831791222053 0.792823595717
[ 0.86726368  0.84719233  0.82086268  0.88428325  0.72784561  0.8499516
  0.82870684  0.7394636   0.78286799  0.59836066  0.81885856  0.66539497]
0.78592097966 0.786949328027
[2356 2365 2142 2446 1236 2466 2178 1495 3655  344  366 5566]
##########
begin traning svm...
load data complete
26615
##########
ratio: 0.3
type: linear
vec_type segment
0.804621454067
[ 0.83263439  0.80095483  0.78547579  0.83687432  0.70636704  0.82298935
  0.81526453  0.73076923  0.79204976  0.47284345  0.76781609  0.9053853 ]
0.772452007122 0.816612112156
[ 0.92699491  0.92219873  0.87861811  0.95012265  0.76294498  0.90875912
  0.86317723  0.78795987  0.80136799  0.86046512  0.91256831  0.54671218]
0.84349076622 0.804621454067
[ 0.8772846   0.85731132  0.82944028  0.88991001  0.73356671  0.86375024
  0.83853702  0.75828774  0.79668163  0.61030928  0.83395755  0.68175199]
0.797565696847 0.799028850859
[2356 2365 2142 2446 1236 2466 2178 1495 3655  344  366 5566]
##########
begin traning svm...
load data complete
26615
##########
ratio: 0.4
type: linear
vec_type segment
0.812511741499
[ 0.84029108  0.8046019   0.80483666  0.84218129  0.71142433  0.82447783
  0.82974043  0.73037127  0.80308358  0.4896      0.78110599  0.91123562]
0.781079165592 0.824332989225
[ 0.93123939  0.93150106  0.88562092  0.9533933   0.77588997  0.91240876
  0.86593205  0.80267559  0.8123119   0.88953488  0.92622951  0.55515631]
0.853491134621 0.812511741499
[ 0.88343064  0.86341368  0.84329851  0.89434324  0.74226006  0.86621752
  0.84745001  0.76481836  0.80767138  0.63157895  0.8475      0.68996316]
0.806828792012 0.807054003777
[2356 2365 2142 2446 1236 2466 2178 1495 3655  344  366 5566]
##########
begin traning svm...
load data complete
26615
##########
ratio: 0.5
type: linear
vec_type segment
0.820063873755
[ 0.8509245   0.81139706  0.81049069  0.84958318  0.73823976  0.8297327
  0.83450088  0.73409364  0.81013001  0.47981366  0.7985782   0.91985961]
0.788945323802 0.832229233657
[ 0.93760611  0.93319239  0.89449113  0.95829926  0.78721683  0.918897
  0.87511478  0.8180602   0.81833105  0.89825581  0.92076503  0.56503773]
0.860438944266 0.820063873755
[ 0.89216478  0.86804326  0.85042166  0.90067243  0.76194205  0.87204156
  0.85432541  0.77380576  0.81420988  0.62550607  0.85532995  0.70005565]
0.814043206265 0.814952374332
[2356 2365 2142 2446 1236 2466 2178 1495 3655  344  366 5566]
##########
begin traning svm...
load data complete
26615
##########
ratio: 0.6
type: linear
vec_type segment
0.822769115161
[ 0.85935684  0.81515712  0.81353768  0.85537341  0.73531599  0.82920612
  0.83376736  0.73789346  0.81326116  0.48392037  0.79439252  0.92291911]
0.791175093921 0.835121353079
[ 0.94142615  0.93234672  0.89215686  0.95993459  0.80016181  0.92335766
  0.88200184  0.81538462  0.82216142  0.91860465  0.92896175  0.56575638]
0.865187870655 0.822769115161
[ 0.89852137  0.86982249  0.8510354   0.90464265  0.76636962  0.87375288
  0.8572066   0.77470607  0.81768707  0.63390171  0.85642317  0.70149254]
0.817130131335 0.817639529674
[2356 2365 2142 2446 1236 2466 2178 1495 3655  344  366 5566]
##########
begin traning svm...
load data complete
26615
##########
ratio: 0.7
type: linear
vec_type segment
0.827879015593
[ 0.8591821   0.8209397   0.81440678  0.86360294  0.74886878  0.83122057
  0.83441138  0.74242424  0.82163188  0.49457364  0.79767442  0.92865497]
0.796465950396 0.840101136791
[ 0.94524618  0.93826638  0.89729225  0.96034342  0.80339806  0.93065693
  0.88842975  0.81939799  0.82927497  0.92732558  0.93715847  0.57060726]
0.870616437186 0.827879015593
[ 0.90016168  0.87569061  0.85384274  0.90940767  0.77517564  0.87813277
  0.86057372  0.77901431  0.82543573  0.64509606  0.86180905  0.70687736]
0.822601444015 0.822711332546
[2356 2365 2142 2446 1236 2466 2178 1495 3655  344  366 5566]
##########
begin traning svm...
load data complete
26615
##########
ratio: 0.8
type: linear
vec_type segment
0.831974450498
[ 0.85961538  0.82348569  0.82501067  0.86112129  0.75626424  0.83673469
  0.83777969  0.75121951  0.8247367   0.4984472   0.78850575  0.93468795]
0.799800731365 0.844227144777
[ 0.94864177  0.93699789  0.90242764  0.96075225  0.80582524  0.93106245
  0.89393939  0.82408027  0.83556772  0.93313953  0.93715847  0.5785124 ]
0.874008750695 0.831974450498
[ 0.90193705  0.87658228  0.86198439  0.90821256  0.78025852  0.88138196
  0.86494891  0.78596491  0.83011688  0.64979757  0.85642946  0.71468206]
0.826024712267 0.827040542318
[2356 2365 2142 2446 1236 2466 2178 1495 3655  344  366 5566]
##########
begin traning svm...
load data complete
26615
##########
ratio: 0.9
type: linear
vec_type segment
0.834040954349
[ 0.86467623  0.82153392  0.8241805   0.86556169  0.76694593  0.83927273
  0.84518647  0.75702076  0.82842475  0.47477745  0.78669725  0.93579314]
0.800839235011 0.846912984228
[ 0.94651952  0.94207188  0.9038282   0.96075225  0.81472492  0.93592863
  0.89485767  0.82943144  0.83885089  0.93023256  0.93715847  0.57869206]
0.876087373593 0.834040954349
[ 0.90374873  0.87768367  0.86216878  0.91067623  0.79011377  0.88496933
  0.86931311  0.79157357  0.83360522  0.62868369  0.8553616   0.7151421 ]
0.826919983202 0.829289965226
[2356 2365 2142 2446 1236 2466 2178 1495 3655  344  366 5566]
##########
begin traning svm...
load data complete
26615
##########
ratio: 1
type: linear
vec_type segment
0.835919594214
[ 0.86653772  0.82463929  0.82817869  0.86356986  0.77164751  0.83962264
  0.84849804  0.75518926  0.8315761   0.48082596  0.78684807  0.93711968]
0.802854401501 0.848701752417
[ 0.95076401  0.94249471  0.90009337  0.96524939  0.81472492  0.93836172
  0.89485767  0.82742475  0.84158687  0.94767442  0.94808743  0.58102767]
0.879362243302 0.835919594214
[ 0.90669905  0.87963694  0.86263982  0.91158301  0.79260134  0.88625048
  0.87106145  0.78965847  0.83655154  0.63796477  0.85997522  0.71731174]
0.829327819627 0.83115742643
[2356 2365 2142 2446 1236 2466 2178 1495 3655  344  366 5566]
##########
