销售说有一辆斯科巴蓝在途，需要几天的时间。	10
无论在什么情况下，它的动力操控都没让我担心过。	1
如果多花两百块钱买个isofix的就好了	10
颜色方面老婆是坚定的黑色支持者，说咱这个岁数了黑的最合适。	10
白色——我最喜欢的颜色，	5
两边的按钮很好把控	2
整体做工比宝马要好，实际驾驶起来，低功率的3t机头足够用，与rx350比，显得更扎实，前40提速不如rx350，也不如523，后程还是可以，感觉优于523，不比rx350差。	1
前排真皮座椅电动调节带腰部支撑调节	4
座椅与腰部支撑是我需要吐槽的地方，座椅的舒适度感觉还不如我朋友开的日系车，具体车型就不透露了，免得你们说车黑了，腰部支撑也不是太给力，就我几次开长途来看效果不是特别明显，所以我也是在论坛看了一些帖子之后买了一套宝乘的磁疗腰靠，至于里面的托玛琳磁疗有没有效果，我是不知道，对于物理化学都是小学生水平的我来说，不好去评论。	4
沧桑的手加上钥匙	10
十几年来买过10几台车，所以期间拿几个做参照来比较，	10
说实在的，大家选车的时候真不用考虑那么多，只要自己觉得好开、好用，那就是适合你的车。	10
提车的时候SSSS店给做了个免费的封釉，效果基本看不出，过两天去整个镀晶看看咋样。	5
在这两个月里，我开着Q7跑过山路，也上过高速；在拥挤的车流中穿梭过；也在深夜畅通的四环路上独自前行过。	10
发动机感觉很有力，噪音也比A6L的2.0T的要小，加装的车道辅助系统真好用，偏离车道，立即方向盘震动，8100值，今后估计开车很难打瞌睡了。	1
能做到这一点，我想是因为quattro四驱以及出色的底盘和悬挂。	2
东四环到东二环，整天CBD里转，如果全在这个区域里转，行车电脑里记录的油耗基本在18升/百公里左右，而且我还算开车很柔的那种，估计20升往上的也大有人在了吧。	3
关于操控，依旧沿用我的感性标准来衡量。	10
这遮阳板有个小抽屉把我坑了一把，自作聪明的我，把停车卡放在里面了，感觉挺合适的，当时还暗自窃喜，谁知再拉开时却怎么也取不出来了。	10
三月份订的14款Q7运动版3.0T，加装了第三排座椅，八月底到货，目前使用正好一周。	10
嫌是嫌弃了点，但看在E4认证的份上还是算了，说多了，我老婆就该嫌弃我了	10
虽然我觉得有些方面Q7可能还不够完美，但总体来说它还是一辆好开、好用的车。	7
[操控]可以接受，毕竟这么大的车。	2
这样的生活不是我想要的，但为了生存又不得不这样。古话说的好啊，金钱不是万能的，但没有金钱是万万不能的。	10
全车四区温控自动空调是最实用的功能配置，只要设定温度这一项操作，就完全可以不用管了。	4
[舒适]够好。	4
我问过为什么。	10
在制冷的时候，对动力的影响不明显。	10
10辐20寸轮毂，轮胎尺寸275/45 R20。	10
内饰——两个字，精细！！！	6
Q7就符合这一点。	10
它是凸起状，可以在侧面碰撞和剐蹭的时候对翼子板起到一定的保护作用。	10
2.	10
今年元旦去店里看了新Q7，新车上市虽然优惠没那么大，但我认为15款Q7加了配置没还降价，里外里一算也就相当于是给了不少优惠。	7
[最满意的地方] 大气豪迈。	5
那天的平均油耗10.8。	3
我要的是它能够在加速超车的时候不拖泥带水；在爬坡的时候能够游刃有余；在绿灯起步的时候能快人一步，稍微满足一下我仅有的一点点虚荣心。	10
Q7的手刹是脚踩式，把踏板踩到底就相当于把手刹拉到头了。	10
优点还有很多，不一一列举了，剩下的多说点不足之处，大家看看是我个人问题，还是共性：	10
我老婆在中控区域贴了点“钻石”，感觉掉档了	6
我看了眼配置单，斯科巴蓝有点儿太浅了。	5
开Q7上下陡坡的时候，完全不用担心。	10
舒适度方面也不想细说，因为这个东西太主观，就我个人而言，他基本能够满足我的所有需要！	4
满意的地方：奥迪——随随便便就能满足我自个的虚荣心	10
至今没搞懂这个是做什么用的？	10
棕外黑内，用了2个月，跑了快4000KM，小小总结一下：1.	5
越野的时候还会调节避震的软硬程度，从而获得更好的舒适性。	4
6.	10
前后护板和脚踏，贴膜是4S谈价格时打包的，只能上好牌去装了。	10
原来是深蓝色，这还可以接受，于是就这么定下了。	5
Q7的内饰由大量的真皮、镀铬装饰和实木装饰组成，在体现豪华的同时还营造了一种富有科技感的氛围。	6
天冷的时候升温速度很快；最近天热的时候，我试了试制冷效果，同样也很快。	4
中控部分的科技感如果以100分为满分的话，我只能给它打85，真心说不上太豪华，方向盘与仪表盘的设计也不是非常出彩，不过一切都还在我的接受范围之内。	6
去年年底赶上15款Q7上市，价格合适，配置还增加了，我就又把换车提上日程了。	7
只是有时候跑工地，很容易溅一身，然后就要洗澡了	10
不知道哪位知道在不改灯的前提下提高亮度。	10
就算是真碰上了，也不怕，毕竟金属比塑料结实得多。	10
V6T代表着这辆Q7用的是V型6缸涡轮增压发动机，3.0排量，245kW功率和440Nm扭矩，百公里加速时间6.9s。	1
开它的时候，一点没有笨重的感觉，反倒有一些小型车的那种灵活的感觉。	2
（黑外、棕内）喜欢它阳刚雄劲、舒展大气的外貌。还喜欢它圆润性感的丰臀	5
后排也带中央扶手，顺便说下Q7的后排空间很大	0
不爽的是，城里那个车多啊，这大家伙进入车流就不好使了，加速用不上，插队插不进去，什么车都随便逼到你刹车，悲哀。。。	10
求问哪位知道取消十分钟后关机这一限制。	10
中控这一块就复杂些了，不过比起日系，还是简单明了，稍加揣摩就知道用了	2
更新4月17日，开了80公里，堵车，油耗14.9。	3
毕竟我是在用车，而不是在测车。	10
······	10
呵呵...	10
而15款典藏版不但标配这些东西，价钱还比14款运动型低了17万多，所以我觉得特别值。	7
动力充沛，高速上基本可以达到想超车就超车的境界。	1
对于我的每一个转向操作，它都能非常快的执行，虽然做不到毫无拖沓，但那微乎其微的延迟可以忽略不计。	2
钻石排排贴啊	10
MMI的操作区虽然密密麻麻的都是按键和旋钮，但它们每一个都有清晰的标识。	10
车看好了，但因为种种原因没能把车买了。	10
洗的白白净净的，后面就是工地，我的地盘	10
呵呵。	10
也是十分主观的东西，有的人说它高大上，也有的人吐槽塑料感的问题，实际上我觉得中和一下评论吧，完全是可以接受的，无非是觉得这个价格的车还可以做的更好，这也给奥迪厂家提个醒，毕竟客户的感受是最重要的，以后再内饰方面还有很大的空间需要提升，我个人还是比较满意的。	6
有个内胆	10
后排中间座椅太小，地板上还有个大鼓包，除了孩子，中间基本别坐人了。	0
换个角度看看，能看到翼子板上的V6T标识	10
---------------------------   内饰   ---------------------------	10
关于动力，有人喜欢用发动机排量来衡量，有人喜欢用发动机参数来衡量，还有人喜欢用0-100加速时间来衡量。	10
7月5日，那天又跑了近290公里，200公里高速，堵车一个小时，九十里国道和市区。	10
[保养费用]暂时么有发现骚基友。	10
后面我说原因。	10
从外面看，它有氙气大灯+LED日行灯+LED尾灯的照明组合，不管是道路照明、还是警示前后车及行人，都非常到位。	10
其实最早是因为邻居有一辆10款4.2的Q7，他那车我也借着开出去过，觉得还不错，挺适合我。	10
但总体感觉还是很不错的车车。	7
而一旦速度上来以后，方向盘明显变沉重，完全没有轻飘飘的感觉。	2
算得上是一无所有，但老婆还是跟了我！！！	10
9、后备箱下面的备胎空间超级浪费，可以放很多杂物。	0
全LED尾灯	5
越野套件中包含前后金属下护板，分别位于前后保险杆下面，能够起到很好的保护作用。	10
所以钱够了，就去提车。	10
毫无疑问这车是值得这个价的，优惠力度大不说，还送了不少东西，我这边四儿子是送了一大堆杂七杂八的，包括贴膜、美容卡、一套宝乘的丝圈脚垫，还有很多小件，如车载吸尘器这样！	7
[综合性价比]算可以了。比起新的奔驰一百多万裸车。	7
买车没有什么过大的纠结。	10
静音程度达到平均水平，与宝马，雷车，我自己觉得没什么差异。	4
带T的加速就是不一样，可惜在市里跑，仅最快加速到100就赶紧丢油门了。	1
当时那感动的稀里哗啦的。	10
菱形的眼睛，很犀利	5
进店再次看了看新车，基本就定下了，打算买典藏版，因为它比较值，	7
这些数值说明Q7的动力很不错。	1
爱卡币+20苦逼包工头入白色Q7，终圆奥迪梦！！温馨提示：多图杀猫！！	10
空间大——我个不算高，但就喜欢大空间的东西，	0
踏板好小气	6
---------------------------   外观   ---------------------------	10
后排空间之宽敞、舒适，令人满意	0
换句话说，就是在任何情况下都能得到稳定、安全、舒适的体验。	4
钥匙篇：	10
无奈只好去了S店才把卡弄出来，说出来不怕笑话，大家引以为戒吧······	10
自适应空气悬架，原理是通过改变车身高度和避震的软硬程度来适应不同的驾驶状态。	10
中控很简单，也很实用	6
内饰非常德国，上来不用看就知道，各功能键、钮、仪表，都是大众脸。	6
外观大气我就无需多说了，奥迪的工艺设计堪称黄金比例，长宽高看起来都很合适，车身线条也无可挑剔，价格在那里，品质跟不上就说不过去了！	5
后45度	10
内饰篇：	10
车评篇：	10
车身宽大，前排可以为所欲为地找到最舒服的空间。	0
5.	10
6月6日，那两天跑了350公里，高速为主，但在高速上严重堵车，3个小时的路程开了7个半小时，显示的油耗为11.5。	3
转向灯从大灯中独立出来，在大灯的正下方，这样更明显，更有利于前车判断我的意图。	5
9月初提的入门级的进取型，	10
交作业需要认证的吧	10
【好开——动力操控】	1
感觉像开小货车，土的不能再土了，以前开过老皇冠就这设计，没想到在Q7上找到知音了。	10
这车的转向十分精准，有些出乎我的意料，原本认为如此庞大的车身会有一定的滞后性，结果当然是我错了！	2
Q7在低速行驶的时候，方向盘非常轻，夸张地说，用一根手指就能操作它。	2
[噪音]可以接受。	4
因为在工地空气不咋好，所以经常喉咙不舒服，要喝一些清喉的药，唉，拿生命在赚钱啊	10
估计是人的一种心理，缺什么就喜欢什么	10
提车记：	10
后来决定买的时候，也去看了X5、GL、发现。	10
这么高档的车为啥不配电子驻车或者手刹也行呀，非要把两手两脚都要占上。	2
（后续有啥问题再来补充）	10
车子整个都很满意，但有些地方也有一些瑕疵！！！	7
最低点	10
我虽然不反对老婆的这种说法，但是我从小就喜欢跟别人不一样，大家选黑的车，我就偏想来个别的颜色。	10
[外观]很满意。	5
驾驶侧座椅记忆	4
不过以后的Q7，或许会把这个设计加进去。	10
（9月3日更新）	10
省油——13.7，市外的更是到了11.8	3
从工地上带来的泥巴没洗干净	10
功能配置是我的Q7非常值得说的一面，因为它的功能配置已经非常丰富了。	10
5月3日，开了70几公里，多功能方向盘上的那个人头标志的按钮不知道怎么使用。	10
动力——我经常跑泥地，感觉动力还得加强……	1
不过前两天看见一老款的揽胜，里面居然也是以屁大一点的屏幕，尽管是老款的，心里立马也平衡不少。	10
以上个人见解，给要买的人做个参考。	10
老婆是和我一起走过来的，那时候我没钱没车没房。	10
[动力]够用，舍得给油还是有源源不断的推背	1
毕竟奥迪一直是我的梦，然后也很钟情白色的Q7，	5
油耗方面前面已经有实际操作去验证，谈不上省油，但也还在接受范围以内！	3
斑马纹还不错	5
总的平均油耗是14升/百公里。	3
应该很好用的。	10
因为如果一个车开起来晃晃悠悠，一点儿安全感都没有的话，还何谈操控？	10
时速大约50-65公里之间，看了一下今天的平均油耗为12.6	3
有机会就加装自适应巡航和侧向互助系统。	10
3.	10
前排一览，	10
8、通风座椅没的说，夏天绝对是一种享受，如果只有前排乘客的话，基本可以不用开空调，很舒服。	4
所以对我来说，这辆Q7令我很满意。	7
也因此立志要让老婆过上幸福的生活。现在算是达到了吧。	10
出风口	10
但找遍了某宝和百度就是看不见有卖折叠遮物帘的。	10
小伙子还是别考虑了。	10
屁股Q7	10
虽然我一直只是把它当做一个交通工具，但时间长了自然也有了很多的感触。	10
其他废话不多说了，说说自己的感受以及优缺点。	10
脚垫方面我也是放弃了原厂的大包围脚垫，因为经过几次雨天的驾驶实在是受够了，必须要耐脏才是王道，这个东西是天天踩在脚下的，所以我也是自己换了一套丝圈脚垫，和腰靠一个牌子，可恶的是我买两个东西居然没给优惠。	10
（老马规定的	10
要使用这个功能，只要在后备箱的内侧找到下面这个按键按一下就可以了	10
车身颜色属于比较少见的，挺扎眼，回头率挺高。	5
5、车灯开关打到自动档上非常方便，但是亮度太低，可是由于是新车所以不想再改大灯。	10
拍照的时候阳光很好，晒得我都想睡觉了	10
底盘稳重，跑高速很扎实。	4
MMI系统确实非常复杂，导航、影音娱乐、车辆设置、改变驾驶模式和底盘高度都要用它来完成。	10
等了不到一个星期，车到了，可以提了，于是我就去交钱办手续了。	10
GL挺不错，我有考虑过，但老婆说她最讨厌的人开大奔，不想要。	10
第一箱油跑了720公里亮灯。	3
其中我最新喜欢的是分段控制的全景天窗，有它车里更通透。	0
X5也不错，就是舒适性没Q7好，所以最后也就决定Q7了。	4
由于堵车，踩刹车的脚都抽筋了，Q7没有电子手刹真是设计的一大败笔。	2
哪位兄弟知道望告知。	10
发现的造型我还是有些不太喜欢，有点儿太规矩了。	10
操控——奥迪是我的第一台车，而且是提车不久前拿到的驾照，然后我还轻轻松松磨合好了，所以说这车的操控是顶级的。	2
不知不觉间，与奥迪Q7相伴已有两月。	10
很方便的一键搞定。	10
2、加装的座椅感觉还是比较好的，副驾驶是LD专座，中间是贵宾席，第三排座是小皇帝专席。	4
中控一览	10
先这么多，改天继续	10
刚绝还是挺给力的。	7
四区独立温控空调，带座椅加热和通风，不同区域可以单独设定温度	4
最高点	10
Q7的外观不用我多说，一眼看上去，很有力量感。	5
在越野路况下坡的时候，有了这两个护板，在越野的时候也就更安心了。	10
抬上拍一张	10
整车跑了1040。	10
早在前年我就在4S店看过和试过Q7，那会儿是想着换个大点儿的SUV，带家里人去更多的地方玩玩儿。	10
通过这些配置，咱们不难看出Q7在舒适性方面绝对有保障。	4
顺便一说，它的后视镜可以自动折叠、防眩目、加热、还可以记忆位置，功能已经很全了。	10
四幅方向盘	10
版主，能给个认证吗！！！以彻彻底底圆我的奥迪梦！！！	10
看过外观再看内饰。	10
掉档次的儿童安全座椅来了	10
作业最后附送一些我自己觉得修得不错的片子。	10
这是上牌后一个多月拍的	10
[内饰]比起宝马X5算不错了。	6
呵呵，这里就没什么好说的了，就是一张满是老茧的手以及认证的钥匙了，版主大大申个精吧！	10
7、屏幕太小啦！！	6
上图：	10
不同的是，比以前饭局多了。	10
做工精良又简洁大方的仪表、内饰、操控系统······	6
侧面线条很饱满，笔直的腰线衬托出车身侧面的立体感。	5
而这些，Q7都能做到，这就足够了。	10
目前为止每次开车总是停车时记得踩脚刹，但开车总是忘了松开。	10
3月底提车，因为对新款无感，现在优惠又不错。	10
从未驾驶过大家伙，坐上去那个视线好哇！感觉开公交。。。	10
下坡辅助不知如何开启，有人说需要关掉ESP，有人说需要猛踩两次刹车，但统统不管用，下坡依旧越溜越快。	2
四环相扣成奥迪	10
等等，最终还是选择了14款35TFSI 运动版Q7，	10
至于它的动力、操控和越野能力方面，我打算以后再说。	10
早在半年前准备换车时，先后看了普拉多、途锐、X5···	10
启动键下面是MMI控制区，MMI这套系统很复杂，我还没太详细地研究过。	10
本次作业结束！	10
----------------------分割--------------------	10
车速高的时候，车身会自动降低，使车的稳定性更高，有利于行车的安全性。	10
体会如下：1、目前油耗17个左右（利用软件测算所得），但随着磨合期（目前只跑了500公里）估计会下降，目前仪表显示14个。	3
整体空间与实际尺寸来看不算优秀，行李箱仅比老款欧蓝德略大，但人家毕竟只有4米7以内的长度。	0
1.	10
[空间]够大。	0
说句题外话，后视镜能再加的功能也只有自动清洗了吧？	10
车顶的行李架，配上专用行李箱，可以扩充储物空间。	0
LED日行灯没有和奥迪其它的车一样用灯带式，还是保留Q7独有的C型点状。	5
但是我不想用这些东西来衡量它的动力，我更愿意用感性的标准来衡量。	10
9月8日，在这个秋高气爽，丹桂飘香的九月，终于将吾心仪良久的‘小七’娶回了家，喜悦的心情难以抑制，时不时不由自主的就要走到她身边细细地打量、欣赏着······	10
我的15款Q7 40TFSI典藏版提车作业到这里就完结了。	10
能够好用而且还好开，作为一辆家用车来说就合格了。	7
[油耗]暂时没统计。	10
后排没有想象得那么大，而且座椅好短，不过足够用了。	0
车头独立出来的转向灯，进一步提高了行车安全。	10
就算是英文不行的人，用过几次也就都明白了。	10
4、万恶的脚刹！	2
典藏版是原来的运动版通过升级配置而来的，包括自适应空气悬架、全套越野风格外观包、20寸车轮等等，这点儿东西选装的话要花10多万。	7
在越野路况爬坡的时候，起到保护底盘和发动机的作用。	10
我虽不是土豪爹，但也不能穷了孩子啊	10
今年三月中旬提车了，刚把车提回来的时候，没事带儿子出去，在市内跑了一圈，来回大约60公里。	10
没有钱我就圆不了我的奥迪梦，没有钱我也没法让我儿子上最好的幼儿园，没有钱，老婆就不会安心在家做个全职太太了！！！（怎么搞的像小学生在写排比句一样）	10
以上这些都是典藏版上超值的地方，下面开始正经的提车作业流程。	10
不满意的地方：价格——高了点，买车之后就没啥存款了，搞得我老婆现在省吃俭用的	7
4.	10
这车适合我这样不惑之年的人，图个安逸。	10
关于为什么买典藏版。	10
得到的回答是：爱。	10
动力的话又得说到油耗了，它能真正告诉你什么叫“沉默加速度”，那种提速的快感真心爽！	1
Q7的稳定性我觉得不错，在一些紧急情况下，比如紧急避让前车的时候，Q7都很稳，当然前提是不慌乱。	2
车在行驶中的稳定性，我觉得也算是操控中的一项。	10
在我心里，驾驭Q7这样的大家伙，一点也不困难。	2
方向盘手感不错，造型略保守	6
悬架比宝马软，比350硬一些，但差别不显著。	4
后面我还会给大家更多地展示我的Q7，初步设想包含一套夜景大片和越野性能测试，大家等我的好消息吧。	10
那么大一块地方就放那么个小屏幕，好像一大白脸上张一双小眼睛。	6
操控就不说了，这车谈不上。	2
不过真皮的品质以及记忆棉的回弹效果还是比较满意的，由于一些网织腰靠对于Q7来说太掉价了，也就直接PASS掉了。	4
交作业前说说买Q7的理由。	10
11、不知道其他人是不是也这样？	10
Q7不配空气悬挂，就太不舒适了。	4
不过高速挺省油，按照120公里/小时的速度，基本都在10升左右。	3
轮眉和车身颜色不一样，因为它是越野风格包中的轮眉防护。	5
有房有车有一个儿子还有一个未出生的（希望是个女儿）这样人生就圆满了。	10
做了个镀晶。	10
虽然我知道每个人心中都有不服输的一面，希望自己的车能比别人的更快。	10
后排的大福利	0
我朋友借去开了一天也说的确是好车，这里呼吁大家一句借车还是得看人，因为很多时候因为借车会闹出不少状况的，这个不多解释！	10
说说空气悬挂，终于明白了奥迪A6L的悬挂为啥那么硬，这样更能衬托空气悬挂的舒适性，	4
集成在后视镜上的转向灯，也起到了很好的警示作用。	10
说包工头一点都不为过，我自个是从工地上爬起来的，现在也还在工地上混。	10
唯一不足的是，不能像A3那样通过操作空调出风口来改变送风模式。	10
油耗那可真心叫高，也许是我每天活动的区域所致，	3
（8月31日更新）	10
暂且总结这些，上点儿图吧。	10
踏板抬起来的时候要去扣一下这个开关。	10
再到里面。	10
销售说实际上没这么浅，之后还给我从网上找了斯科巴蓝的车给我看。	5
肚子饿了快去睡吧	10
虽然提车已一个多月了，可至今才跑了不到一千公里，（因前段时间一直在外地忙着）所以对此车还不敢妄加评论，	10
但是车不是用来跟别人比输赢的，至少我的Q7不是。	10
这点我必须要吐槽一下！	10
今天的噪音有点降低，不知是否因为习惯了。	4
车底防护前裙，也就是前保险杠下的金属护板。	10
通过降低尾部悬架的高度，可以让后备箱更贴近地面，这样装沉的东西的时候，就轻松多了。	10
因为是安全带绑定的，安装起来很麻烦。	10
车身比较长，很有越野范	5
