begin feature selection...
load data complete
(160000, 25160) (160000,)
begin traning svm...
load data complete
20000
vec_type segment
train prf:
##########
0.8256875
[ 0.90406202  0.89156851  0.8758024   0.9015156   0.80939431  0.87215487
  0.90587295  0.83602212  0.84511628  0.85944422  0.687413  ]
0.853487844282 0.833123968715
[ 0.89151174  0.88011016  0.82114353  0.89809935  0.72787906  0.83849676
  0.81165744  0.68624669  0.73236598  0.87710645  0.80857091]
0.815744370471 0.8256875
[ 0.89774302  0.88580228  0.84759268  0.89980424  0.76647548  0.85499469
  0.85618109  0.75376623  0.78471173  0.86818552  0.74308574]
0.83257660812 0.827178101937
[16352 16340 15286 16889  8996 16817 15355 10572  2481  2433 38479]
##########
dev prf:
##########
0.8248
[ 0.89963973  0.88438735  0.86557569  0.90576653  0.799       0.87236084
  0.91552511  0.84137291  0.82885906  0.88823529  0.68618059]
0.853354828675 0.832189849894
[ 0.87927565  0.88133924  0.81552863  0.8990228   0.70833333  0.8531206
  0.81338742  0.68401207  0.75535168  0.91238671  0.80566549]
0.818856693718 0.8248
[ 0.88934113  0.88286067  0.8398072   0.90238206  0.75093985  0.86263345
  0.86143931  0.75457571  0.7904      0.90014903  0.74113815]
0.834151506194 0.826234062704
[1988 2031 1816 2149 1128 2131 1972 1326  327  331 4801]
##########
test prf:
##########
0.82205
[ 0.90570846  0.89870904  0.85924251  0.89943609  0.79739218  0.86038647
  0.90254958  0.80989331  0.90038314  0.81410256  0.6900369 ]
0.848894566941 0.828677810868
[ 0.8854011   0.87778855  0.82073434  0.89522919  0.70291777  0.84367598
  0.82283058  0.65644654  0.72981366  0.87586207  0.80487805]
0.810507075903 0.82205
[ 0.89543966  0.88812561  0.83954709  0.89732771  0.74718045  0.85194929
  0.86084842  0.72514112  0.80617496  0.84385382  0.74304636]
0.827148589554 0.823196373411
[2007 2062 1852 2138 1131 2111 1936 1272  322  290 4879]
##########
dumpping model to  model/svm_model_segment_11_cleaner_chi2_500.pkl
begin traning svm...
load data complete
20000
vec_type segment
train prf:
##########
0.8449875
[ 0.90800024  0.89830612  0.8795082   0.91294034  0.82569709  0.87691104
  0.90501095  0.8480186   0.86736935  0.88966653  0.73025935]
0.867426164765 0.849009907362
[ 0.90716732  0.89577723  0.8423394   0.91148085  0.74722099  0.86632574
  0.83393032  0.72465002  0.79604998  0.88820386  0.82029159]
0.839403389865 0.8449875
[ 0.90758359  0.8970399   0.86052262  0.91221001  0.78450137  0.87158625
  0.8680179   0.78149546  0.83018075  0.88893459  0.77266162]
0.852248551448 0.845735190697
[16352 16340 15286 16889  8996 16817 15355 10572  2481  2433 38479]
##########
dev prf:
##########
0.84205
[ 0.90030364  0.89118661  0.87521368  0.91682331  0.80924287  0.87331787
  0.91323693  0.85185185  0.85016287  0.91238671  0.72511585]
0.865349288599 0.846252726115
[ 0.89486922  0.89118661  0.84581498  0.90786412  0.72960993  0.88315345
  0.8326572   0.71116139  0.79816514  0.91238671  0.81483024]
0.838336270779 0.84205
[ 0.8975782   0.89118661  0.86026323  0.91232172  0.76736597  0.87820812
  0.87108753  0.77517468  0.82334385  0.91238671  0.76735975]
0.850570579067 0.842762351284
[1988 2031 1816 2149 1128 2131 1972 1326  327  331 4801]
##########
test prf:
##########
0.84025
[ 0.90853967  0.89990186  0.86118823  0.91462264  0.80819181  0.86993402
  0.89718076  0.8364486   0.90714286  0.82666667  0.73138686]
0.860109452741 0.84405453134
[ 0.89586447  0.88942774  0.837473    0.90692236  0.7152962   0.87446708
  0.83832645  0.70361635  0.78881988  0.85517241  0.82147981]
0.82971506806 0.84025
[ 0.90215755  0.89463415  0.84916507  0.91075622  0.75891182  0.87219466
  0.86675567  0.76430401  0.84385382  0.84067797  0.77381987]
0.843384619402 0.840798344478
[2007 2062 1852 2138 1131 2111 1936 1272  322  290 4879]
##########
dumpping model to  model/svm_model_segment_11_cleaner_chi2_1000.pkl
begin traning svm...
load data complete
20000
vec_type segment
train prf:
##########
0.862575
[ 0.91645276  0.90552192  0.88808493  0.92095165  0.84194529  0.88556181
  0.90360279  0.86217706  0.88598371  0.91338583  0.76891216]
0.88114362946 0.864843978153
[ 0.91701321  0.90624235  0.85915217  0.92367813  0.76978657  0.88808943
  0.85099316  0.75444571  0.8331318   0.90587752  0.83947088]
0.85889826641 0.862575
[ 0.9167329   0.90588199  0.873379    0.92231288  0.80425062  0.88682382
  0.87650926  0.80472179  0.85874533  0.90961618  0.80264384]
0.869237963754 0.862897440569
[16352 16340 15286 16889  8996 16817 15355 10572  2481  2433 38479]
##########
dev prf:
##########
0.8555
[ 0.90844714  0.89837198  0.87409471  0.91794872  0.82058824  0.8754023
  0.90923825  0.87700535  0.87296417  0.92923077  0.75665906]
0.876359152014 0.858170086748
[ 0.90342052  0.89660266  0.86398678  0.91624011  0.74202128  0.89347724
  0.85344828  0.74208145  0.81957187  0.91238671  0.82836909]
0.851964180097 0.8555
[ 0.90592686  0.89748645  0.86901135  0.91709362  0.77932961  0.88434742
  0.88046037  0.80392157  0.84542587  0.92073171  0.79089192]
0.863147885623 0.855846046402
[1988 2031 1816 2149 1128 2131 1972 1326  327  331 4801]
##########
test prf:
##########
0.85365
[ 0.90754623  0.90543162  0.87520891  0.92289499  0.82642998  0.87105751
  0.89411129  0.84415584  0.90344828  0.84931507  0.76248364]
0.869280305065 0.855905572569
[ 0.90483308  0.90543162  0.84827214  0.91253508  0.74093722  0.88962577
  0.85485537  0.71540881  0.8136646   0.85517241  0.83562205]
0.843305286901 0.85365
[ 0.90618762  0.90543162  0.86153002  0.91768579  0.78135198  0.88024373
  0.87404278  0.77446809  0.85620915  0.85223368  0.79737923]
0.855160336018 0.853785930022
[2007 2062 1852 2138 1131 2111 1936 1272  322  290 4879]
##########
dumpping model to  model/svm_model_segment_11_cleaner_chi2_2000.pkl
begin traning svm...
load data complete
20000
vec_type segment
train prf:
##########
0.88493125
[ 0.92376573  0.91745412  0.89779171  0.93249543  0.86190649  0.90417603
  0.91304054  0.8809825   0.91064718  0.93319588  0.81475859]
0.899110382606 0.885892361062
[ 0.93370841  0.92099143  0.88034803  0.93569779  0.79301912  0.90896117
  0.88003908  0.7904843   0.87908102  0.93012741  0.86483536]
0.883390284334 0.88493125
[ 0.92871046  0.91921938  0.88898431  0.93409386  0.82602906  0.90656229
  0.89623611  0.83328348  0.89458573  0.93165912  0.83905046]
0.890764932988 0.88494408776
[16352 16340 15286 16889  8996 16817 15355 10572  2481  2433 38479]
##########
dev prf:
##########
0.8693
[ 0.91712986  0.90558576  0.88189415  0.9244671   0.82222222  0.88775982
  0.91170213  0.88113695  0.87735849  0.92771084  0.78851378]
0.884134645686 0.870793430324
[ 0.91297787  0.90201871  0.87169604  0.92833876  0.75443262  0.90192398
  0.86916836  0.77149321  0.85321101  0.9305136   0.84649031]
0.867478587877 0.8693
[ 0.91504916  0.90379872  0.87676544  0.92639889  0.78687009  0.89478585
  0.88992731  0.82267793  0.86511628  0.92911011  0.81647413]
0.875179444219 0.86941383133
[1988 2031 1816 2149 1128 2131 1972 1326  327  331 4801]
##########
test prf:
##########
0.8674
[ 0.9075087   0.91375969  0.8777533   0.92985782  0.83925049  0.88620529
  0.8917364   0.85872576  0.90443686  0.86941581  0.79364173]
0.879299260325 0.868669367915
[ 0.90931739  0.91464597  0.86069114  0.91768007  0.75243148  0.90383704
  0.88068182  0.73113208  0.82298137  0.87241379  0.85447838]
0.856390048547 0.8674
[ 0.90841215  0.91420262  0.8691385   0.92372881  0.79347319  0.89493433
  0.88617464  0.78980892  0.86178862  0.87091222  0.82293723]
0.866864656284 0.867245624281
[2007 2062 1852 2138 1131 2111 1936 1272  322  290 4879]
##########
dumpping model to  model/svm_model_segment_11_cleaner_chi2_5000.pkl
begin traning svm...
load data complete
20000
vec_type segment
train prf:
##########
0.8959875
[ 0.93109081  0.9218769   0.90614607  0.93672004  0.87226365  0.91194189
  0.91795801  0.89228682  0.92649502  0.94161184  0.83656345]
0.908632225868 0.896571822871
[ 0.94116928  0.92943696  0.89120764  0.94221091  0.80613606  0.91817803
  0.89117551  0.80864548  0.89923418  0.94122483  0.87834923]
0.895178918958 0.8959875
[ 0.93610292  0.92564149  0.89861478  0.93945745  0.83789717  0.91504933
  0.90436851  0.84840967  0.91266108  0.94141829  0.85694726]
0.901506177488 0.895913680529
[16352 16340 15286 16889  8996 16817 15355 10572  2481  2433 38479]
##########
dev prf:
##########
0.87375
[ 0.916       0.9072521   0.88506385  0.9247808   0.83203125  0.88832721
  0.9060686   0.88290598  0.88498403  0.92814371  0.80188494]
0.887040224698 0.874688949792
[ 0.92152918  0.90546529  0.8777533   0.93252676  0.75531915  0.90708588
  0.87068966  0.77903469  0.8470948   0.93655589  0.85065611]
0.871246427231 0.87375
[ 0.91875627  0.90635781  0.88139342  0.92863763  0.79182156  0.89760854
  0.88802689  0.82772436  0.865625    0.93233083  0.82555084]
0.878530286606 0.873670670533
[1988 2031 1816 2149 1128 2131 1972 1326  327  331 4801]
##########
test prf:
##########
0.87165
[ 0.9101291   0.91062802  0.88495575  0.9272642   0.84782609  0.89007421
  0.88900469  0.86065574  0.90443686  0.87583893  0.80465295]
0.882315138798 0.872530091238
[ 0.91330344  0.91416101  0.86393089  0.92422825  0.75862069  0.90904784
  0.88119835  0.74292453  0.82298137  0.9         0.85775774]
0.862559463301 0.87165
[ 0.9117135   0.91239109  0.87431694  0.92574373  0.80074662  0.89946098
  0.88508431  0.79746835  0.86178862  0.8877551   0.83035714]
0.871529671964 0.871410072188
[2007 2062 1852 2138 1131 2111 1936 1272  322  290 4879]
##########
dumpping model to  model/svm_model_segment_11_cleaner_chi2_8000.pkl
begin traning svm...
load data complete
20000
vec_type segment
train prf:
##########
0.90155
[ 0.93246266  0.92721519  0.90845863  0.93984209  0.87669101  0.91652922
  0.92115462  0.89800352  0.92863036  0.94643593  0.84756022]
0.912998495497 0.901974400503
[ 0.94312622  0.93243574  0.89722622  0.94446089  0.81402846  0.92519474
  0.8978183   0.82113129  0.90729545  0.94410193  0.88430053]
0.901010888276 0.90155
[ 0.93776413  0.92981814  0.90280749  0.94214583  0.84419851  0.92084159
  0.90933676  0.85784871  0.91783894  0.94526749  0.86554066]
0.906673478083 0.901463390203
[16352 16340 15286 16889  8996 16817 15355 10572  2481  2433 38479]
##########
dev prf:
##########
0.87565
[ 0.9155      0.90922546  0.88008801  0.9282075   0.83430799  0.89113459
  0.90741715  0.88240271  0.88461538  0.92814371  0.80667457]
0.887974278963 0.87642689356
[ 0.92102616  0.90743476  0.88105727  0.93252676  0.75886525  0.91037072
  0.87474645  0.78657617  0.8440367   0.93655589  0.8508644 ]
0.87309641097 0.87565
[ 0.91825476  0.90832923  0.88057237  0.93036212  0.79480037  0.90064995
  0.89078234  0.83173844  0.86384977  0.93233083  0.82818044]
0.879986419001 0.875563860355
[1988 2031 1816 2149 1128 2131 1972 1326  327  331 4801]
##########
test prf:
##########
0.87415
[ 0.91180867  0.91533624  0.88442488  0.93075836  0.84479371  0.88654111
  0.88802488  0.86151079  0.90540541  0.87837838  0.81213649]
0.883556264821 0.874801581616
[ 0.91180867  0.91755577  0.86771058  0.92422825  0.76038904  0.91425865
  0.88481405  0.75314465  0.83229814  0.89655172  0.85857758]
0.865576099807 0.87415
[ 0.91180867  0.91644466  0.87598801  0.92748181  0.80037227  0.90018657
  0.88641656  0.80369128  0.86731392  0.88737201  0.83471157]
0.873798846624 0.87390390648
[2007 2062 1852 2138 1131 2111 1936 1272  322  290 4879]
##########
dumpping model to  model/svm_model_segment_11_cleaner_chi2_10000.pkl
begin traning svm...
load data complete
20000
vec_type segment
train prf:
##########
0.905925
[ 0.93605038  0.92959202  0.91144766  0.94123184  0.88027583  0.91912414
  0.92379937  0.90288363  0.93140496  0.94816948  0.85630601]
0.916389574268 0.906239319386
[ 0.94526663  0.93567931  0.90160932  0.94736219  0.82303246  0.92852471
  0.90322371  0.82926599  0.90850464  0.94739005  0.88895242]
0.905346492206 0.905925
[ 0.94063593  0.93262574  0.90650179  0.94428706  0.85069225  0.92380051
  0.91339568  0.8645104   0.91981228  0.94777961  0.87232388]
0.910578648464 0.90582851072
[16352 16340 15286 16889  8996 16817 15355 10572  2481  2433 38479]
##########
dev prf:
##########
0.87765
[ 0.91775326  0.90935961  0.88125344  0.93009259  0.83381643  0.89439853
  0.91100579  0.88040712  0.88709677  0.92814371  0.81015409]
0.889407394853 0.878390276236
[ 0.92052314  0.90891187  0.88270925  0.93485342  0.76507092  0.91412482
  0.87728195  0.78280543  0.84097859  0.93655589  0.85419704]
0.874364756922 0.87765
[ 0.91913611  0.90913568  0.88198074  0.93246693  0.79796579  0.9041541
  0.89382588  0.82874251  0.86342229  0.93233083  0.83159282]
0.881341244604 0.877552917892
[1988 2031 1816 2149 1128 2131 1972 1326  327  331 4801]
##########
test prf:
##########
0.8761
[ 0.91434263  0.91586074  0.88571429  0.93098592  0.84164223  0.88807001
  0.89317353  0.86462094  0.90878378  0.87583893  0.81527428]
0.88493702388 0.876716052518
[ 0.91479821  0.9185257   0.87041037  0.92750234  0.76127321  0.91331123
  0.88533058  0.75314465  0.83540373  0.9         0.8620619 ]
0.867432900816 0.8761
[ 0.91457036  0.91719128  0.87799564  0.92924086  0.7994429   0.90051378
  0.88923476  0.80504202  0.87055016  0.8877551   0.83801554]
0.875413855143 0.875836321729
[2007 2062 1852 2138 1131 2111 1936 1272  322  290 4879]
##########
dumpping model to  model/svm_model_segment_11_cleaner_chi2_12000.pkl
begin traning svm...
load data complete
20000
vec_type segment
train prf:
##########
0.91175625
[ 0.94013465  0.93486333  0.91559342  0.94344277  0.88754305  0.92159737
  0.92874742  0.90754756  0.93747412  0.95096827  0.86703344]
0.921358672807 0.911992643834
[ 0.94789628  0.93984088  0.90690828  0.95115164  0.83081369  0.93453053
  0.90830348  0.83938706  0.91253527  0.9486231   0.89695678]
0.910631545905 0.91175625
[ 0.94399951  0.9373455   0.91123016  0.94728152  0.85824195  0.9280189
  0.91841169  0.87213759  0.9248366   0.94979424  0.88174131]
0.915730815202 0.91164867849
[16352 16340 15286 16889  8996 16817 15355 10572  2481  2433 38479]
##########
dev prf:
##########
0.87995
[ 0.91859296  0.90819833  0.88607595  0.9281106   0.84205426  0.89362678
  0.91018908  0.88235294  0.89067524  0.92581602  0.8163387 ]
0.891093715108 0.880516197993
[ 0.9195171   0.91088134  0.88656388  0.93718008  0.77039007  0.91459409
  0.87880325  0.7918552   0.8470948   0.94259819  0.85544678]
0.877720434544 0.87995
[ 0.9190548   0.90953786  0.88631985  0.93262329  0.80462963  0.90398887
  0.89422085  0.83465819  0.86833856  0.93413174  0.83543531]
0.883903539605 0.87981843227
[1988 2031 1816 2149 1128 2131 1972 1326  327  331 4801]
##########
test prf:
##########
0.8799
[ 0.91795898  0.91961259  0.89035813  0.93295827  0.84481086  0.890474
  0.89660574  0.86839749  0.91496599  0.87919463  0.82054264]
0.888716302218 0.880545395827
[ 0.91429995  0.92095053  0.87257019  0.93077643  0.77011494  0.91662719
  0.88688017  0.76257862  0.83540373  0.90344828  0.86780078]
0.871040981917 0.8799
[ 0.91612581  0.92028108  0.88137442  0.93186607  0.80573543  0.90336134
  0.89171644  0.81205525  0.87337662  0.89115646  0.84351031]
0.879141749285 0.879682424825
[2007 2062 1852 2138 1131 2111 1936 1272  322  290 4879]
##########
dumpping model to  model/svm_model_segment_11_cleaner_chi2_15000.pkl
begin feature selection...
load data complete
begin traning svm...
load data complete
20000
vec_type segment
train prf:
##########
0.82760625
[ 0.90334136  0.88821901  0.8737697   0.90275883  0.80642     0.87569721
  0.90457028  0.83376653  0.83925962  0.85392354  0.69299392]
0.852247271863 0.833743729499
[ 0.89444716  0.88359853  0.8304985   0.90094144  0.73165851  0.849557
  0.81979811  0.6978812   0.69447803  0.87217427  0.79944905]
0.815861981961 0.82760625
[ 0.89887226  0.88590275  0.85158477  0.90184922  0.76722229  0.86242907
  0.86010044  0.7597961   0.76003529  0.86295242  0.74242479]
0.832106308489 0.828877804197
[16352 16340 15286 16889  8996 16817 15355 10572  2481  2433 38479]
##########
dev prf:
##########
0.82555
[ 0.89285714  0.88368655  0.86878613  0.90806754  0.78978389  0.87345385
  0.91459276  0.83652968  0.84229391  0.89189189  0.68851278]
0.85367782942 0.832006899742
[ 0.88028169  0.88281635  0.82764317  0.90088413  0.71276596  0.86156734
  0.81997972  0.6907994   0.71865443  0.89728097  0.79650073]
0.817197625472 0.82555
[ 0.88652482  0.88325123  0.84771574  0.90446157  0.74930103  0.86746988
  0.86470588  0.7567121   0.77557756  0.89457831  0.7385804 ]
0.833534411008 0.826873409012
[1988 2031 1816 2149 1128 2131 1972 1326  327  331 4801]
##########
test prf:
##########
0.8235
[ 0.90427699  0.89499509  0.85618729  0.90009381  0.78752437  0.86132438
  0.90163013  0.8202138   0.88627451  0.79876161  0.69583931]
0.846101934671 0.829012908884
[ 0.88490284  0.88457808  0.82937365  0.89756782  0.71441202  0.85030791
  0.8285124   0.66352201  0.70186335  0.88965517  0.79524493]
0.812721835342 0.8235
[ 0.89448502  0.8897561   0.8425672   0.89882904  0.74918869  0.85578069
  0.86352624  0.73359409  0.78336222  0.84176183  0.7422286 ]
0.826825428059 0.824426513596
[2007 2062 1852 2138 1131 2111 1936 1272  322  290 4879]
##########
dumpping model to  model/svm_model_segment_11_cleaner_mi_500.pkl
begin traning svm...
load data complete
20000
vec_type segment
train prf:
##########
0.8450375
[ 0.9086512   0.89593287  0.88282053  0.91382991  0.82375198  0.87946482
  0.90734711  0.8409683   0.85337506  0.87877551  0.73024415]
0.865014676716 0.848775556513
[ 0.9075954   0.89516524  0.84279733  0.912369    0.75022232  0.87554261
  0.83484207  0.73278471  0.7694478   0.88491574  0.81460017]
0.838207490644 0.8450375
[ 0.90812299  0.89554889  0.86234479  0.91309887  0.78526965  0.87749933
  0.86958586  0.78315811  0.8092412   0.88183494  0.77011904]
0.850529424628 0.845786862586
[16352 16340 15286 16889  8996 16817 15355 10572  2481  2433 38479]
##########
dev prf:
##########
0.84095
[ 0.90456853  0.88540646  0.87643021  0.90943044  0.81206726  0.86994485
  0.92114094  0.8427065   0.84364821  0.89317507  0.72439618]
0.862083150493 0.844781455608
[ 0.89637827  0.89020187  0.84361233  0.90646812  0.72783688  0.88831534
  0.8351927   0.72322775  0.79204893  0.90936556  0.80587378]
0.838047412705 0.84095
[ 0.90045478  0.88779769  0.85970819  0.90794687  0.76764843  0.87903413
  0.87606383  0.77840909  0.8170347   0.9011976   0.76296588]
0.848932836401 0.841649627799
[1988 2031 1816 2149 1128 2131 1972 1326  327  331 4801]
##########
test prf:
##########
0.83955
[ 0.90643863  0.90245098  0.86596218  0.90696587  0.80670611  0.87142187
  0.90089087  0.82822656  0.886121    0.81672026  0.73050691]
0.856582839665 0.84294196933
[ 0.8978575   0.8928225   0.84071274  0.90739008  0.72325376  0.87967788
  0.8357438   0.70125786  0.77329193  0.87586207  0.81225661]
0.830920611959 0.83955
[ 0.90212766  0.89761092  0.85315068  0.90717793  0.76270396  0.87553041
  0.86709539  0.75947212  0.82587065  0.8452579   0.76921584]
0.842292133011 0.840034635759
[2007 2062 1852 2138 1131 2111 1936 1272  322  290 4879]
##########
dumpping model to  model/svm_model_segment_11_cleaner_mi_1000.pkl
begin traning svm...
load data complete
20000
vec_type segment
train prf:
##########
0.8624
[ 0.91795278  0.90491303  0.89054255  0.92093903  0.84147824  0.8838467
  0.90585962  0.85565572  0.87548139  0.90503716  0.76877172]
0.879134358158 0.864424138776
[ 0.9202544   0.90740514  0.86118016  0.92213867  0.76945309  0.89409526
  0.85477043  0.75416194  0.82466747  0.90094533  0.83362353]
0.858426858442 0.8624
[ 0.91910215  0.90615737  0.87561527  0.92153846  0.80385553  0.88894144
  0.87957378  0.8017094   0.84931507  0.90298661  0.79988529]
0.868061853741 0.862684569408
[16352 16340 15286 16889  8996 16817 15355 10572  2481  2433 38479]
##########
dev prf:
##########
0.85595
[ 0.9074912   0.8979793   0.88166012  0.91798695  0.82163743  0.87243736
  0.91179654  0.8600175   0.84984026  0.91768293  0.76096154]
0.872681010694 0.858059068508
[ 0.90794769  0.89709503  0.86563877  0.91670544  0.74734043  0.89863914
  0.85446247  0.7413273   0.81345566  0.90936556  0.82420329]
0.852380069853 0.85595
[ 0.90771939  0.89753695  0.87357599  0.91734575  0.78272981  0.88534443
  0.88219895  0.7962738   0.83125     0.91350531  0.79132087]
0.861709203406 0.856184889012
[1988 2031 1816 2149 1128 2131 1972 1326  327  331 4801]
##########
test prf:
##########
0.8533
[ 0.90931864  0.90696542  0.87128713  0.91902072  0.82758621  0.86786372
  0.89658906  0.833785    0.91134752  0.85762712  0.76337176]
0.869523844787 0.855237155511
[ 0.90433483  0.90300679  0.85529158  0.91300281  0.74270557  0.89294173
  0.8553719   0.72562893  0.79813665  0.87241379  0.82783357]
0.844606195263 0.8533
[ 0.90681989  0.90498177  0.86321526  0.91600188  0.78285182  0.88022414
  0.87549564  0.77595628  0.85099338  0.86495726  0.79429695]
0.855981297371 0.853445671031
[2007 2062 1852 2138 1131 2111 1936 1272  322  290 4879]
##########
dumpping model to  model/svm_model_segment_11_cleaner_mi_2000.pkl
begin traning svm...
load data complete
20000
vec_type segment
train prf:
##########
0.8828875
[ 0.92291389  0.91713449  0.89803423  0.93064469  0.86114127  0.90071298
  0.91375102  0.88013989  0.907431    0.92883587  0.81005204]
0.897344670119 0.88395790211
[ 0.93205724  0.91982864  0.87864713  0.93593463  0.79346376  0.90896117
  0.87762944  0.78556565  0.86134623  0.92807234  0.86158684]
0.88028118777 0.8828875
[ 0.92746303  0.91847959  0.88823491  0.93328216  0.82591843  0.90481828
  0.89532605  0.83016793  0.88378825  0.92845395  0.83502506]
0.888268876162 0.882916797728
[16352 16340 15286 16889  8996 16817 15355 10572  2481  2433 38479]
##########
dev prf:
##########
0.86715
[ 0.91435768  0.9022113   0.87942478  0.92375231  0.8223301   0.88033012
  0.91332263  0.88830716  0.875       0.92192192  0.78469924]
0.882332476862 0.868673745754
[ 0.91297787  0.90398818  0.87555066  0.93020009  0.75088652  0.90098545
  0.86561866  0.76772247  0.83486239  0.92749245  0.83961675]
0.86453649961 0.86715
[ 0.91366725  0.90309887  0.87748344  0.92696499  0.7849861   0.89053803
  0.88883103  0.8236246   0.85446009  0.9246988   0.81122962]
0.872689348122 0.867221052722
[1988 2031 1816 2149 1128 2131 1972 1326  327  331 4801]
##########
test prf:
##########
0.8659
[ 0.91254373  0.91581509  0.88086045  0.92648445  0.83284457  0.88083141
  0.89059197  0.86586494  0.90972222  0.85810811  0.78856383]
0.878384614903 0.867409833863
[ 0.90981565  0.91270611  0.86231102  0.91955098  0.75331565  0.90336333
  0.87035124  0.73584906  0.8136646   0.87586207  0.8507891 ]
0.855234435962 0.8659
[ 0.91117764  0.91425795  0.87148704  0.92300469  0.79108635  0.8919551
  0.88035528  0.79558011  0.85901639  0.8668942   0.81849551]
0.865755479643 0.865836763609
[2007 2062 1852 2138 1131 2111 1936 1272  322  290 4879]
##########
dumpping model to  model/svm_model_segment_11_cleaner_mi_5000.pkl
begin traning svm...
load data complete
20000
vec_type segment
train prf:
##########
0.893725
[ 0.9296662   0.92135787  0.90362405  0.93467396  0.86956522  0.90979215
  0.91686779  0.89258098  0.91798501  0.93685514  0.83266804]
0.90596694622 0.894312326145
[ 0.93847847  0.92851897  0.89061887  0.94120433  0.80480213  0.91877267
  0.89065451  0.80798335  0.88875453  0.93300452  0.87278775]
0.892325465774 0.893725
[ 0.93405155  0.92492456  0.89707433  0.93792778  0.83593119  0.91426036
  0.90357107  0.84817794  0.90313332  0.93492586  0.852256  ]
0.898748541606 0.893662188432
[16352 16340 15286 16889  8996 16817 15355 10572  2481  2433 38479]
##########
dev prf:
##########
0.8719
[ 0.91788413  0.90909091  0.87782058  0.92589162  0.82046332  0.88883785
  0.91325173  0.87969283  0.87859425  0.92215569  0.79682602]
0.884591720882 0.87300386561
[ 0.91649899  0.90595766  0.87830396  0.93020009  0.7535461   0.9080244
  0.87018256  0.7775264   0.84097859  0.9305136   0.84711518]
0.868986139348 0.8719
[ 0.91719104  0.90752158  0.87806221  0.92804085  0.78558226  0.89832869
  0.89119709  0.82546037  0.859375    0.92631579  0.82120141]
0.876206935303 0.871908167543
[1988 2031 1816 2149 1128 2131 1972 1326  327  331 4801]
##########
test prf:
##########
0.8709
[ 0.90954274  0.91763566  0.88118812  0.92419279  0.83836417  0.88473951
  0.89087093  0.86326345  0.9047619   0.875       0.80444015]
0.881272675685 0.871706033172
[ 0.91180867  0.9185257   0.8650108   0.92376052  0.76127321  0.90904784
  0.87706612  0.74449686  0.82608696  0.89310345  0.85406846]
0.862204416592 0.8709
[ 0.9106743   0.91808047  0.87302452  0.92397661  0.79796108  0.89672897
  0.88391463  0.79949346  0.86363636  0.88395904  0.82851178]
0.870905564933 0.870677994031
[2007 2062 1852 2138 1131 2111 1936 1272  322  290 4879]
##########
dumpping model to  model/svm_model_segment_11_cleaner_mi_8000.pkl
begin traning svm...
load data complete
20000
vec_type segment
train prf:
##########
0.898725
[ 0.9310553   0.92391833  0.90621693  0.93784547  0.875075    0.91490365
  0.91836326  0.89599336  0.92259934  0.94210091  0.84295439]
0.910093266699 0.899139421119
[ 0.94312622  0.93047736  0.89637577  0.94434247  0.81058248  0.92317298
  0.89599479  0.81649641  0.89842805  0.93629264  0.87853115]
0.89762002897 0.898725
[ 0.93705189  0.92718624  0.90126949  0.94108276  0.84159501  0.91901971
  0.90704114  0.85439968  0.91035328  0.9391878   0.86037515]
0.903505649642 0.898625793037
[16352 16340 15286 16889  8996 16817 15355 10572  2481  2433 38479]
##########
dev prf:
##########
0.87505
[ 0.91441441  0.91134225  0.87704918  0.92645698  0.83251714  0.89000917
  0.91322751  0.88415673  0.88745981  0.92284866  0.80437352]
0.887623215472 0.87594471126
[ 0.91901408  0.90595766  0.88381057  0.93206142  0.7535461   0.91130924
  0.87525355  0.78280543  0.8440367   0.93957704  0.85044782]
0.872529056424 0.87505
[ 0.91670848  0.90864198  0.8804169   0.92925075  0.79106561  0.90053327
  0.89383739  0.8304      0.86520376  0.93113772  0.82676926]
0.879451375064 0.874961442475
[1988 2031 1816 2149 1128 2131 1972 1326  327  331 4801]
##########
test prf:
##########
0.874
[ 0.91170635  0.91831803  0.88558856  0.92740047  0.84562439  0.88765603
  0.88900469  0.86269196  0.90540541  0.87583893  0.8101511 ]
0.883580537201 0.874661000754
[ 0.91579472  0.9214355   0.86933045  0.92609916  0.76038904  0.90952155
  0.88119835  0.75078616  0.83229814  0.9         0.85714286]
0.865817811281 0.874
[ 0.91374596  0.91987412  0.8773842   0.92674936  0.80074488  0.89845578
  0.88508431  0.80285834  0.86731392  0.8877551   0.83298476]
0.873904611293 0.873743629677
[2007 2062 1852 2138 1131 2111 1936 1272  322  290 4879]
##########
dumpping model to  model/svm_model_segment_11_cleaner_mi_10000.pkl
begin traning svm...
load data complete
20000
vec_type segment
train prf:
##########
0.90288125
[ 0.93337763  0.92687519  0.90755415  0.93965922  0.87833154  0.91719145
  0.9230872   0.89855521  0.92736277  0.9436214   0.85148564]
0.913372855931 0.903192823973
[ 0.94502202  0.93396573  0.89912338  0.94694772  0.81691863  0.92668133
  0.89964181  0.82359062  0.90568319  0.94245787  0.88401466]
0.902186086807 0.90288125
[ 0.93916373  0.93040695  0.90331909  0.94328939  0.8465127   0.92191197
  0.91121372  0.85944132  0.91639478  0.94303928  0.8674453 ]
0.907467112053 0.902765906105
[16352 16340 15286 16889  8996 16817 15355 10572  2481  2433 38479]
##########
dev prf:
##########
0.87745
[ 0.91791792  0.91201186  0.87875478  0.926097    0.83921569  0.89169344
  0.91244726  0.8835034   0.89354839  0.92537313  0.80935465]
0.889992500864 0.878251202336
[ 0.92253521  0.9084195   0.88601322  0.93299209  0.75886525  0.91177851
  0.87728195  0.78355958  0.8470948   0.93655589  0.85419704]
0.874481184537 0.87745
[ 0.92022077  0.91021214  0.88236907  0.92953176  0.79702048  0.90162413
  0.89451913  0.83053557  0.86970173  0.93093093  0.83117146]
0.881621561316 0.877332627134
[1988 2031 1816 2149 1128 2131 1972 1326  327  331 4801]
##########
test prf:
##########
0.87585
[ 0.91138614  0.91594621  0.88406593  0.92967651  0.85375494  0.89042996
  0.88762299  0.86178862  0.90878378  0.87959866  0.81506716]
0.885283718752 0.876356196437
[ 0.91728949  0.92483026  0.8687905   0.92750234  0.76392573  0.91236381
  0.88533058  0.75        0.83540373  0.90689655  0.85816766]
0.868227330581 0.87585
[ 0.91432828  0.9203668   0.87636166  0.92858815  0.80634624  0.90126345
  0.8864753   0.80201765  0.87055016  0.89303905  0.8360623 ]
0.8759453686 0.875528514559
[2007 2062 1852 2138 1131 2111 1936 1272  322  290 4879]
##########
dumpping model to  model/svm_model_segment_11_cleaner_mi_12000.pkl
begin traning svm...
load data complete
20000
vec_type segment
train prf:
##########
0.908875
[ 0.93607886  0.93071411  0.91275079  0.94198814  0.88460623  0.92102016
  0.92571391  0.90355537  0.93385697  0.95024671  0.86364781]
0.918561732021 0.909067298253
[ 0.94661204  0.9380049   0.90474944  0.94990822  0.8265896   0.9319736
  0.90569847  0.83654938  0.91051995  0.94985614  0.89168118]
0.908376628295 0.908875
[ 0.94131598  0.93434528  0.90873251  0.9459316   0.85461441  0.9264645
  0.91559681  0.86876228  0.92204082  0.95005139  0.87744064]
0.913208747473 0.908752687898
[16352 16340 15286 16889  8996 16817 15355 10572  2481  2433 38479]
##########
dev prf:
##########
0.87835
[ 0.91658342  0.90663391  0.88164384  0.92754961  0.84123911  0.89311927
  0.90700104  0.88101266  0.88216561  0.93154762  0.81493312]
0.889402653611 0.878809932579
[ 0.92303823  0.9084195   0.88601322  0.93531875  0.77039007  0.91365556
  0.88032454  0.78733032  0.8470948   0.94561934  0.85023953]
0.877040350725 0.87835
[ 0.9197995   0.90752582  0.88382313  0.93141798  0.80425729  0.9032707
  0.89346372  0.83154122  0.86427457  0.93853073  0.83221203]
0.882737880693 0.878185699277
[1988 2031 1816 2149 1128 2131 1972 1326  327  331 4801]
##########
test prf:
##########
0.87735
[ 0.91479821  0.91872279  0.89011596  0.93111528  0.84637965  0.88909342
  0.8880289   0.85919283  0.91186441  0.87878788  0.81832328]
0.886038416753 0.87784712652
[ 0.91479821  0.92095053  0.87041037  0.92937325  0.7648099   0.91520606
  0.88894628  0.75314465  0.83540373  0.9         0.86226686]
0.868664530809 0.87735
[ 0.91479821  0.91983531  0.88015288  0.93024345  0.80352996  0.90196078
  0.88848735  0.80268119  0.8719611   0.88926746  0.83972056]
0.87660347726 0.877060663133
[2007 2062 1852 2138 1131 2111 1936 1272  322  290 4879]
##########
dumpping model to  model/svm_model_segment_11_cleaner_mi_15000.pkl
